# JRE version: OpenJDK Runtime Environment Temurin-17.0.1+12 (17.0.1+12) (build 17.0.1+12)
# Java VM: OpenJDK 64-Bit Server VM Temurin-17.0.1+12 (17.0.1+12, mixed mode, sharing, tiered, compressed oops, compressed class ptrs, g1 gc, windows-amd64)
GC Precious Log:
 CPUs: 16 total, 16 available
 Memory: 15741M
 Large Page Support: Disabled
 NUMA Support: Disabled
 Compressed Oops: Enabled (Zero based)
 Heap Region Size: 2M
 Heap Min Capacity: 8M
 Heap Initial Capacity: 246M
 Heap Max Capacity: 3936M
 Pre-touch: Disabled
 Parallel Workers: 13
 Concurrent Workers: 3
 Concurrent Refinement Workers: 13
 Periodic GC: Disabled
Heap:
 garbage-first heap   total 251904K, used 146952K [0x000000070a000000, 0x0000000800000000)
  region size 2048K, 17 young (34816K), 6 survivors (12288K)
 Metaspace       used 10461K, committed 10624K, reserved 1064960K
  class space    used 741K, committed 832K, reserved 1048576K
GC Heap History (12 events):
Event: 1.969 GC heap before
{Heap before GC invocations=0 (full 0):
 garbage-first heap   total 251904K, used 22528K [0x000000070a000000, 0x0000000800000000)
  region size 2048K, 11 young (22528K), 0 survivors (0K)
 Metaspace       used 7291K, committed 7424K, reserved 1064960K
  class space    used 452K, committed 512K, reserved 1048576K
}
Event: 1.972 GC heap after
{Heap after GC invocations=1 (full 0):
 garbage-first heap   total 251904K, used 2708K [0x000000070a000000, 0x0000000800000000)
  region size 2048K, 2 young (4096K), 2 survivors (4096K)
 Metaspace       used 7291K, committed 7424K, reserved 1064960K
  class space    used 452K, committed 512K, reserved 1048576K
}
Event: 4.652 GC heap before
{Heap before GC invocations=1 (full 0):
 garbage-first heap   total 251904K, used 45716K [0x000000070a000000, 0x0000000800000000)
  region size 2048K, 19 young (38912K), 2 survivors (4096K)
 Metaspace       used 9722K, committed 9792K, reserved 1064960K
  class space    used 677K, committed 704K, reserved 1048576K
}
Event: 4.661 GC heap after
{Heap after GC invocations=2 (full 0):
 garbage-first heap   total 251904K, used 22669K [0x000000070a000000, 0x0000000800000000)
  region size 2048K, 3 young (6144K), 3 survivors (6144K)
 Metaspace       used 9722K, committed 9792K, reserved 1064960K
  class space    used 677K, committed 704K, reserved 1048576K
}
Event: 5.184 GC heap before
{Heap before GC invocations=2 (full 0):
 garbage-first heap   total 251904K, used 28813K [0x000000070a000000, 0x0000000800000000)
  region size 2048K, 6 young (12288K), 3 survivors (6144K)
 Metaspace       used 9791K, committed 9856K, reserved 1064960K
  class space    used 677K, committed 704K, reserved 1048576K
}
Event: 5.189 GC heap after
{Heap after GC invocations=3 (full 0):
 garbage-first heap   total 251904K, used 24175K [0x000000070a000000, 0x0000000800000000)
  region size 2048K, 1 young (2048K), 1 survivors (2048K)
 Metaspace       used 9791K, committed 9856K, reserved 1064960K
  class space    used 677K, committed 704K, reserved 1048576K
}
Event: 17.314 GC heap before
{Heap before GC invocations=3 (full 0):
 garbage-first heap   total 251904K, used 202351K [0x000000070a000000, 0x0000000800000000)
  region size 2048K, 73 young (149504K), 1 survivors (2048K)
 Metaspace       used 10313K, committed 10432K, reserved 1064960K
  class space    used 727K, committed 768K, reserved 1048576K
}
Event: 17.317 GC heap after
{Heap after GC invocations=4 (full 0):
 garbage-first heap   total 251904K, used 62899K [0x000000070a000000, 0x0000000800000000)
  region size 2048K, 5 young (10240K), 5 survivors (10240K)
 Metaspace       used 10313K, committed 10432K, reserved 1064960K
  class space    used 727K, committed 768K, reserved 1048576K
}
Event: 26.701 GC heap before
{Heap before GC invocations=4 (full 0):
 garbage-first heap   total 251904K, used 214451K [0x000000070a000000, 0x0000000800000000)
  region size 2048K, 62 young (126976K), 5 survivors (10240K)
 Metaspace       used 10438K, committed 10624K, reserved 1064960K
  class space    used 740K, committed 832K, reserved 1048576K
}
Event: 26.705 GC heap after
{Heap after GC invocations=5 (full 0):
 garbage-first heap   total 251904K, used 109424K [0x000000070a000000, 0x0000000800000000)
  region size 2048K, 8 young (16384K), 8 survivors (16384K)
 Metaspace       used 10438K, committed 10624K, reserved 1064960K
  class space    used 740K, committed 832K, reserved 1048576K
}
Event: 34.279 GC heap before
{Heap before GC invocations=5 (full 0):
 garbage-first heap   total 251904K, used 207728K [0x000000070a000000, 0x0000000800000000)
  region size 2048K, 50 young (102400K), 8 survivors (16384K)
 Metaspace       used 10449K, committed 10624K, reserved 1064960K
  class space    used 740K, committed 832K, reserved 1048576K
}
Event: 34.286 GC heap after
{Heap after GC invocations=6 (full 0):
 garbage-first heap   total 251904K, used 126472K [0x000000070a000000, 0x0000000800000000)
  region size 2048K, 6 young (12288K), 6 survivors (12288K)
 Metaspace       used 10449K, committed 10624K, reserved 1064960K
  class space    used 740K, committed 832K, reserved 1048576K
}

