# JRE version: OpenJDK Runtime Environment Temurin-11.0.13+8 (11.0.13+8) (build 11.0.13+8)
# Java VM: OpenJDK 64-Bit Server VM Temurin-11.0.13+8 (11.0.13+8, mixed mode, tiered, compressed oops, g1 gc, windows-amd64)
Heap:
 garbage-first heap   total 253952K, used 92801K [0x0000000709800000, 0x0000000800000000)
  region size 1024K, 81 young (82944K), 11 survivors (11264K)
 Metaspace       used 24585K, capacity 24944K, committed 25264K, reserved 1073152K
  class space    used 2138K, capacity 2262K, committed 2304K, reserved 1048576K
GC Heap History (6 events):
Event: 1.960 GC heap before
{Heap before GC invocations=0 (full 0):
 garbage-first heap   total 253952K, used 23552K [0x0000000709800000, 0x0000000800000000)
  region size 1024K, 24 young (24576K), 0 survivors (0K)
 Metaspace       used 12236K, capacity 12477K, committed 12800K, reserved 1060864K
  class space    used 867K, capacity 924K, committed 1024K, reserved 1048576K
}
Event: 1.968 GC heap after
{Heap after GC invocations=1 (full 0):
 garbage-first heap   total 253952K, used 2512K [0x0000000709800000, 0x0000000800000000)
  region size 1024K, 3 young (3072K), 3 survivors (3072K)
 Metaspace       used 12236K, capacity 12477K, committed 12800K, reserved 1060864K
  class space    used 867K, capacity 924K, committed 1024K, reserved 1048576K
}
Event: 5.214 GC heap before
{Heap before GC invocations=1 (full 0):
 garbage-first heap   total 253952K, used 26064K [0x0000000709800000, 0x0000000800000000)
  region size 1024K, 27 young (27648K), 3 survivors (3072K)
 Metaspace       used 21029K, capacity 21198K, committed 21296K, reserved 1069056K
  class space    used 1811K, capacity 1891K, committed 1920K, reserved 1048576K
}
Event: 5.225 GC heap after
{Heap after GC invocations=2 (full 0):
 garbage-first heap   total 253952K, used 5428K [0x0000000709800000, 0x0000000800000000)
  region size 1024K, 6 young (6144K), 6 survivors (6144K)
 Metaspace       used 21029K, capacity 21198K, committed 21296K, reserved 1069056K
  class space    used 1811K, capacity 1891K, committed 1920K, reserved 1048576K
}
Event: 9.275 GC heap before
{Heap before GC invocations=3 (full 0):
 garbage-first heap   total 253952K, used 107828K [0x0000000709800000, 0x0000000800000000)
  region size 1024K, 102 young (104448K), 6 survivors (6144K)
 Metaspace       used 23953K, capacity 24196K, committed 24368K, reserved 1071104K
  class space    used 2080K, capacity 2162K, committed 2176K, reserved 1048576K
}
Event: 9.286 GC heap after
{Heap after GC invocations=4 (full 0):
 garbage-first heap   total 253952K, used 14977K [0x0000000709800000, 0x0000000800000000)
  region size 1024K, 11 young (11264K), 11 survivors (11264K)
 Metaspace       used 23953K, capacity 24196K, committed 24368K, reserved 1071104K
  class space    used 2080K, capacity 2162K, committed 2176K, reserved 1048576K
}

