# JRE version: OpenJDK Runtime Environment Temurin-11.0.13+8 (11.0.13+8) (build 11.0.13+8)
# Java VM: OpenJDK 64-Bit Server VM Temurin-11.0.13+8 (11.0.13+8, mixed mode, tiered, compressed oops, g1 gc, windows-amd64)
Heap:
 garbage-first heap   total 253952K, used 36280K [0x0000000709800000, 0x0000000800000000)
  region size 1024K, 22 young (22528K), 11 survivors (11264K)
 Metaspace       used 24727K, capacity 25069K, committed 25264K, reserved 1073152K
  class space    used 2142K, capacity 2262K, committed 2304K, reserved 1048576K
GC Heap History (10 events):
Event: 1.680 GC heap before
{Heap before GC invocations=0 (full 0):
 garbage-first heap   total 253952K, used 23552K [0x0000000709800000, 0x0000000800000000)
  region size 1024K, 24 young (24576K), 0 survivors (0K)
 Metaspace       used 12209K, capacity 12413K, committed 12800K, reserved 1060864K
  class space    used 867K, capacity 924K, committed 1024K, reserved 1048576K
}
Event: 1.686 GC heap after
{Heap after GC invocations=1 (full 0):
 garbage-first heap   total 253952K, used 2547K [0x0000000709800000, 0x0000000800000000)
  region size 1024K, 3 young (3072K), 3 survivors (3072K)
 Metaspace       used 12209K, capacity 12413K, committed 12800K, reserved 1060864K
  class space    used 867K, capacity 924K, committed 1024K, reserved 1048576K
}
Event: 5.225 GC heap before
{Heap before GC invocations=1 (full 0):
 garbage-first heap   total 253952K, used 27123K [0x0000000709800000, 0x0000000800000000)
  region size 1024K, 28 young (28672K), 3 survivors (3072K)
 Metaspace       used 20970K, capacity 21163K, committed 21296K, reserved 1069056K
  class space    used 1799K, capacity 1858K, committed 1920K, reserved 1048576K
}
Event: 5.235 GC heap after
{Heap after GC invocations=2 (full 0):
 garbage-first heap   total 253952K, used 5422K [0x0000000709800000, 0x0000000800000000)
  region size 1024K, 6 young (6144K), 6 survivors (6144K)
 Metaspace       used 20970K, capacity 21163K, committed 21296K, reserved 1069056K
  class space    used 1799K, capacity 1858K, committed 1920K, reserved 1048576K
}
Event: 5.837 GC heap before
{Heap before GC invocations=3 (full 0):
 garbage-first heap   total 253952K, used 53550K [0x0000000709800000, 0x0000000800000000)
  region size 1024K, 49 young (50176K), 6 survivors (6144K)
 Metaspace       used 23362K, capacity 23678K, committed 23856K, reserved 1071104K
  class space    used 2048K, capacity 2162K, committed 2176K, reserved 1048576K
}
Event: 5.849 GC heap after
{Heap after GC invocations=4 (full 0):
 garbage-first heap   total 253952K, used 12887K [0x0000000709800000, 0x0000000800000000)
  region size 1024K, 7 young (7168K), 7 survivors (7168K)
 Metaspace       used 23362K, capacity 23678K, committed 23856K, reserved 1071104K
  class space    used 2048K, capacity 2162K, committed 2176K, reserved 1048576K
}
Event: 11.970 GC heap before
{Heap before GC invocations=4 (full 0):
 garbage-first heap   total 253952K, used 99927K [0x0000000709800000, 0x0000000800000000)
  region size 1024K, 92 young (94208K), 7 survivors (7168K)
 Metaspace       used 24064K, capacity 24353K, committed 24752K, reserved 1071104K
  class space    used 2082K, capacity 2194K, committed 2304K, reserved 1048576K
}
Event: 11.978 GC heap after
{Heap after GC invocations=5 (full 0):
 garbage-first heap   total 253952K, used 15434K [0x0000000709800000, 0x0000000800000000)
  region size 1024K, 9 young (9216K), 9 survivors (9216K)
 Metaspace       used 24064K, capacity 24353K, committed 24752K, reserved 1071104K
  class space    used 2082K, capacity 2194K, committed 2304K, reserved 1048576K
}
Event: 23.838 GC heap before
{Heap before GC invocations=5 (full 0):
 garbage-first heap   total 253952K, used 164938K [0x0000000709800000, 0x0000000800000000)
  region size 1024K, 148 young (151552K), 9 survivors (9216K)
 Metaspace       used 24694K, capacity 25005K, committed 25264K, reserved 1073152K
  class space    used 2142K, capacity 2262K, committed 2304K, reserved 1048576K
}
Event: 23.851 GC heap after
{Heap after GC invocations=6 (full 0):
 garbage-first heap   total 253952K, used 26040K [0x0000000709800000, 0x0000000800000000)
  region size 1024K, 11 young (11264K), 11 survivors (11264K)
 Metaspace       used 24694K, capacity 25005K, committed 25264K, reserved 1073152K
  class space    used 2142K, capacity 2262K, committed 2304K, reserved 1048576K
}

