# JRE version: OpenJDK Runtime Environment Temurin-17.0.1+12 (17.0.1+12) (build 17.0.1+12)
# Java VM: OpenJDK 64-Bit Server VM Temurin-17.0.1+12 (17.0.1+12, mixed mode, sharing, tiered, compressed oops, compressed class ptrs, g1 gc, windows-amd64)
GC Precious Log:
 CPUs: 16 total, 16 available
 Memory: 15741M
 Large Page Support: Disabled
 NUMA Support: Disabled
 Compressed Oops: Enabled (Zero based)
 Heap Region Size: 2M
 Heap Min Capacity: 8M
 Heap Initial Capacity: 246M
 Heap Max Capacity: 3936M
 Pre-touch: Disabled
 Parallel Workers: 13
 Concurrent Workers: 3
 Concurrent Refinement Workers: 13
 Periodic GC: Disabled
Heap:
 garbage-first heap   total 251904K, used 79707K [0x000000070a000000, 0x0000000800000000)
  region size 2048K, 17 young (34816K), 6 survivors (12288K)
 Metaspace       used 10397K, committed 10496K, reserved 1064960K
  class space    used 729K, committed 768K, reserved 1048576K
GC Heap History (12 events):
Event: 2.065 GC heap before
{Heap before GC invocations=0 (full 0):
 garbage-first heap   total 251904K, used 22528K [0x000000070a000000, 0x0000000800000000)
  region size 2048K, 11 young (22528K), 0 survivors (0K)
 Metaspace       used 7292K, committed 7424K, reserved 1064960K
  class space    used 452K, committed 512K, reserved 1048576K
}
Event: 2.068 GC heap after
{Heap after GC invocations=1 (full 0):
 garbage-first heap   total 251904K, used 2713K [0x000000070a000000, 0x0000000800000000)
  region size 2048K, 2 young (4096K), 2 survivors (4096K)
 Metaspace       used 7292K, committed 7424K, reserved 1064960K
  class space    used 452K, committed 512K, reserved 1048576K
}
Event: 6.800 GC heap before
{Heap before GC invocations=1 (full 0):
 garbage-first heap   total 251904K, used 45721K [0x000000070a000000, 0x0000000800000000)
  region size 2048K, 19 young (38912K), 2 survivors (4096K)
 Metaspace       used 9793K, committed 9856K, reserved 1064960K
  class space    used 679K, committed 704K, reserved 1048576K
}
Event: 6.810 GC heap after
{Heap after GC invocations=2 (full 0):
 garbage-first heap   total 251904K, used 22639K [0x000000070a000000, 0x0000000800000000)
  region size 2048K, 3 young (6144K), 3 survivors (6144K)
 Metaspace       used 9793K, committed 9856K, reserved 1064960K
  class space    used 679K, committed 704K, reserved 1048576K
}
Event: 7.248 GC heap before
{Heap before GC invocations=2 (full 0):
 garbage-first heap   total 251904K, used 28783K [0x000000070a000000, 0x0000000800000000)
  region size 2048K, 6 young (12288K), 3 survivors (6144K)
 Metaspace       used 9854K, committed 9984K, reserved 1064960K
  class space    used 679K, committed 704K, reserved 1048576K
}
Event: 7.252 GC heap after
{Heap after GC invocations=3 (full 0):
 garbage-first heap   total 251904K, used 24161K [0x000000070a000000, 0x0000000800000000)
  region size 2048K, 1 young (2048K), 1 survivors (2048K)
 Metaspace       used 9854K, committed 9984K, reserved 1064960K
  class space    used 679K, committed 704K, reserved 1048576K
}
Event: 21.863 GC heap before
{Heap before GC invocations=3 (full 0):
 garbage-first heap   total 251904K, used 196193K [0x000000070a000000, 0x0000000800000000)
  region size 2048K, 73 young (149504K), 1 survivors (2048K)
 Metaspace       used 10386K, committed 10496K, reserved 1064960K
  class space    used 728K, committed 768K, reserved 1048576K
}
Event: 21.867 GC heap after
{Heap after GC invocations=4 (full 0):
 garbage-first heap   total 251904K, used 53132K [0x000000070a000000, 0x0000000800000000)
  region size 2048K, 3 young (6144K), 3 survivors (6144K)
 Metaspace       used 10386K, committed 10496K, reserved 1064960K
  class space    used 728K, committed 768K, reserved 1048576K
}
Event: 34.901 GC heap before
{Heap before GC invocations=4 (full 0):
 garbage-first heap   total 251904K, used 192396K [0x000000070a000000, 0x0000000800000000)
  region size 2048K, 71 young (145408K), 3 survivors (6144K)
 Metaspace       used 10386K, committed 10496K, reserved 1064960K
  class space    used 728K, committed 768K, reserved 1048576K
}
Event: 34.904 GC heap after
{Heap after GC invocations=5 (full 0):
 garbage-first heap   total 251904K, used 56051K [0x000000070a000000, 0x0000000800000000)
  region size 2048K, 4 young (8192K), 4 survivors (8192K)
 Metaspace       used 10386K, committed 10496K, reserved 1064960K
  class space    used 728K, committed 768K, reserved 1048576K
}
Event: 48.352 GC heap before
{Heap before GC invocations=5 (full 0):
 garbage-first heap   total 251904K, used 197363K [0x000000070a000000, 0x0000000800000000)
  region size 2048K, 73 young (149504K), 4 survivors (8192K)
 Metaspace       used 10386K, committed 10496K, reserved 1064960K
  class space    used 728K, committed 768K, reserved 1048576K
}
Event: 48.358 GC heap after
{Heap after GC invocations=6 (full 0):
 garbage-first heap   total 251904K, used 59227K [0x000000070a000000, 0x0000000800000000)
  region size 2048K, 6 young (12288K), 6 survivors (12288K)
 Metaspace       used 10386K, committed 10496K, reserved 1064960K
  class space    used 728K, committed 768K, reserved 1048576K
}

