# JRE version: OpenJDK Runtime Environment Temurin-11.0.13+8 (11.0.13+8) (build 11.0.13+8)
# Java VM: OpenJDK 64-Bit Server VM Temurin-11.0.13+8 (11.0.13+8, mixed mode, tiered, compressed oops, g1 gc, windows-amd64)
Heap:
 garbage-first heap   total 253952K, used 60864K [0x0000000709800000, 0x0000000800000000)
  region size 1024K, 50 young (51200K), 9 survivors (9216K)
 Metaspace       used 24623K, capacity 24915K, committed 25264K, reserved 1073152K
  class space    used 2141K, capacity 2231K, committed 2304K, reserved 1048576K
GC Heap History (8 events):
Event: 1.746 GC heap before
{Heap before GC invocations=0 (full 0):
 garbage-first heap   total 253952K, used 23552K [0x0000000709800000, 0x0000000800000000)
  region size 1024K, 24 young (24576K), 0 survivors (0K)
 Metaspace       used 12232K, capacity 12477K, committed 12800K, reserved 1060864K
  class space    used 867K, capacity 924K, committed 1024K, reserved 1048576K
}
Event: 1.751 GC heap after
{Heap after GC invocations=1 (full 0):
 garbage-first heap   total 253952K, used 2499K [0x0000000709800000, 0x0000000800000000)
  region size 1024K, 3 young (3072K), 3 survivors (3072K)
 Metaspace       used 12232K, capacity 12477K, committed 12800K, reserved 1060864K
  class space    used 867K, capacity 924K, committed 1024K, reserved 1048576K
}
Event: 5.547 GC heap before
{Heap before GC invocations=1 (full 0):
 garbage-first heap   total 253952K, used 27075K [0x0000000709800000, 0x0000000800000000)
  region size 1024K, 28 young (28672K), 3 survivors (3072K)
 Metaspace       used 20953K, capacity 21163K, committed 21296K, reserved 1069056K
  class space    used 1797K, capacity 1858K, committed 1920K, reserved 1048576K
}
Event: 5.563 GC heap after
{Heap after GC invocations=2 (full 0):
 garbage-first heap   total 253952K, used 5447K [0x0000000709800000, 0x0000000800000000)
  region size 1024K, 6 young (6144K), 6 survivors (6144K)
 Metaspace       used 20953K, capacity 21163K, committed 21296K, reserved 1069056K
  class space    used 1797K, capacity 1858K, committed 1920K, reserved 1048576K
}
Event: 7.458 GC heap before
{Heap before GC invocations=3 (full 0):
 garbage-first heap   total 253952K, used 54599K [0x0000000709800000, 0x0000000800000000)
  region size 1024K, 51 young (52224K), 6 survivors (6144K)
 Metaspace       used 23349K, capacity 23652K, committed 23856K, reserved 1071104K
  class space    used 2046K, capacity 2131K, committed 2176K, reserved 1048576K
}
Event: 7.475 GC heap after
{Heap after GC invocations=4 (full 0):
 garbage-first heap   total 253952K, used 13099K [0x0000000709800000, 0x0000000800000000)
  region size 1024K, 7 young (7168K), 7 survivors (7168K)
 Metaspace       used 23349K, capacity 23652K, committed 23856K, reserved 1071104K
  class space    used 2046K, capacity 2131K, committed 2176K, reserved 1048576K
}
Event: 15.305 GC heap before
{Heap before GC invocations=4 (full 0):
 garbage-first heap   total 253952K, used 115499K [0x0000000709800000, 0x0000000800000000)
  region size 1024K, 103 young (105472K), 7 survivors (7168K)
 Metaspace       used 24480K, capacity 24723K, committed 25008K, reserved 1073152K
  class space    used 2137K, capacity 2231K, committed 2304K, reserved 1048576K
}
Event: 15.317 GC heap after
{Heap after GC invocations=5 (full 0):
 garbage-first heap   total 253952K, used 19904K [0x0000000709800000, 0x0000000800000000)
  region size 1024K, 9 young (9216K), 9 survivors (9216K)
 Metaspace       used 24480K, capacity 24723K, committed 25008K, reserved 1073152K
  class space    used 2137K, capacity 2231K, committed 2304K, reserved 1048576K
}

