# JRE version: OpenJDK Runtime Environment Temurin-11.0.13+8 (11.0.13+8) (build 11.0.13+8)
# Java VM: OpenJDK 64-Bit Server VM Temurin-11.0.13+8 (11.0.13+8, mixed mode, tiered, compressed oops, g1 gc, windows-amd64)
Heap:
 garbage-first heap   total 253952K, used 135557K [0x0000000709800000, 0x0000000800000000)
  region size 1024K, 120 young (122880K), 11 survivors (11264K)
 Metaspace       used 24870K, capacity 25199K, committed 25520K, reserved 1073152K
  class space    used 2141K, capacity 2261K, committed 2304K, reserved 1048576K
GC Heap History (10 events):
Event: 1.661 GC heap before
{Heap before GC invocations=0 (full 0):
 garbage-first heap   total 253952K, used 23552K [0x0000000709800000, 0x0000000800000000)
  region size 1024K, 24 young (24576K), 0 survivors (0K)
 Metaspace       used 12211K, capacity 12413K, committed 12800K, reserved 1060864K
  class space    used 867K, capacity 924K, committed 1024K, reserved 1048576K
}
Event: 1.668 GC heap after
{Heap after GC invocations=1 (full 0):
 garbage-first heap   total 253952K, used 2499K [0x0000000709800000, 0x0000000800000000)
  region size 1024K, 3 young (3072K), 3 survivors (3072K)
 Metaspace       used 12211K, capacity 12413K, committed 12800K, reserved 1060864K
  class space    used 867K, capacity 924K, committed 1024K, reserved 1048576K
}
Event: 5.175 GC heap before
{Heap before GC invocations=1 (full 0):
 garbage-first heap   total 253952K, used 27075K [0x0000000709800000, 0x0000000800000000)
  region size 1024K, 28 young (28672K), 3 survivors (3072K)
 Metaspace       used 20959K, capacity 21163K, committed 21296K, reserved 1069056K
  class space    used 1799K, capacity 1858K, committed 1920K, reserved 1048576K
}
Event: 5.186 GC heap after
{Heap after GC invocations=2 (full 0):
 garbage-first heap   total 253952K, used 5353K [0x0000000709800000, 0x0000000800000000)
  region size 1024K, 6 young (6144K), 6 survivors (6144K)
 Metaspace       used 20959K, capacity 21163K, committed 21296K, reserved 1069056K
  class space    used 1799K, capacity 1858K, committed 1920K, reserved 1048576K
}
Event: 5.818 GC heap before
{Heap before GC invocations=3 (full 0):
 garbage-first heap   total 253952K, used 54505K [0x0000000709800000, 0x0000000800000000)
  region size 1024K, 50 young (51200K), 6 survivors (6144K)
 Metaspace       used 23352K, capacity 23680K, committed 23856K, reserved 1071104K
  class space    used 2047K, capacity 2161K, committed 2176K, reserved 1048576K
}
Event: 5.830 GC heap after
{Heap after GC invocations=4 (full 0):
 garbage-first heap   total 253952K, used 13161K [0x0000000709800000, 0x0000000800000000)
  region size 1024K, 7 young (7168K), 7 survivors (7168K)
 Metaspace       used 23352K, capacity 23680K, committed 23856K, reserved 1071104K
  class space    used 2047K, capacity 2161K, committed 2176K, reserved 1048576K
}
Event: 14.295 GC heap before
{Heap before GC invocations=4 (full 0):
 garbage-first heap   total 253952K, used 127849K [0x0000000709800000, 0x0000000800000000)
  region size 1024K, 116 young (118784K), 7 survivors (7168K)
 Metaspace       used 24527K, capacity 24815K, committed 25008K, reserved 1073152K
  class space    used 2133K, capacity 2261K, committed 2304K, reserved 1048576K
}
Event: 14.312 GC heap after
{Heap after GC invocations=5 (full 0):
 garbage-first heap   total 253952K, used 20066K [0x0000000709800000, 0x0000000800000000)
  region size 1024K, 10 young (10240K), 10 survivors (10240K)
 Metaspace       used 24527K, capacity 24815K, committed 25008K, reserved 1073152K
  class space    used 2133K, capacity 2261K, committed 2304K, reserved 1048576K
}
Event: 26.595 GC heap before
{Heap before GC invocations=5 (full 0):
 garbage-first heap   total 253952K, used 165474K [0x0000000709800000, 0x0000000800000000)
  region size 1024K, 148 young (151552K), 10 survivors (10240K)
 Metaspace       used 24816K, capacity 25135K, committed 25264K, reserved 1073152K
  class space    used 2140K, capacity 2261K, committed 2304K, reserved 1048576K
}
Event: 26.607 GC heap after
{Heap after GC invocations=6 (full 0):
 garbage-first heap   total 253952K, used 25989K [0x0000000709800000, 0x0000000800000000)
  region size 1024K, 11 young (11264K), 11 survivors (11264K)
 Metaspace       used 24816K, capacity 25135K, committed 25264K, reserved 1073152K
  class space    used 2140K, capacity 2261K, committed 2304K, reserved 1048576K
}

