# JRE version: OpenJDK Runtime Environment Temurin-11.0.13+8 (11.0.13+8) (build 11.0.13+8)
# Java VM: OpenJDK 64-Bit Server VM Temurin-11.0.13+8 (11.0.13+8, mixed mode, tiered, compressed oops, g1 gc, windows-amd64)
Heap:
 garbage-first heap   total 253952K, used 31853K [0x0000000709800000, 0x0000000800000000)
  region size 1024K, 24 young (24576K), 19 survivors (19456K)
 Metaspace       used 24154K, capacity 24629K, committed 24960K, reserved 1071104K
  class space    used 2155K, capacity 2370K, committed 2432K, reserved 1048576K
GC Heap History (10 events):
Event: 3.446 GC heap before
{Heap before GC invocations=0 (full 0):
 garbage-first heap   total 253952K, used 24576K [0x0000000709800000, 0x0000000800000000)
  region size 1024K, 24 young (24576K), 0 survivors (0K)
 Metaspace       used 16770K, capacity 17264K, committed 17536K, reserved 1064960K
  class space    used 1670K, capacity 1852K, committed 1920K, reserved 1048576K
}
Event: 3.487 GC heap after
{Heap after GC invocations=1 (full 0):
 garbage-first heap   total 253952K, used 4294K [0x0000000709800000, 0x0000000800000000)
  region size 1024K, 3 young (3072K), 3 survivors (3072K)
 Metaspace       used 16770K, capacity 17264K, committed 17536K, reserved 1064960K
  class space    used 1670K, capacity 1852K, committed 1920K, reserved 1048576K
}
Event: 4.110 GC heap before
{Heap before GC invocations=1 (full 0):
 garbage-first heap   total 253952K, used 22726K [0x0000000709800000, 0x0000000800000000)
  region size 1024K, 18 young (18432K), 3 survivors (3072K)
 Metaspace       used 20616K, capacity 21099K, committed 21248K, reserved 1069056K
  class space    used 1857K, capacity 2047K, committed 2048K, reserved 1048576K
}
Event: 4.116 GC heap after
{Heap after GC invocations=2 (full 0):
 garbage-first heap   total 253952K, used 9218K [0x0000000709800000, 0x0000000800000000)
  region size 1024K, 4 young (4096K), 4 survivors (4096K)
 Metaspace       used 20616K, capacity 21099K, committed 21248K, reserved 1069056K
  class space    used 1857K, capacity 2047K, committed 2048K, reserved 1048576K
}
Event: 4.376 GC heap before
{Heap before GC invocations=3 (full 0):
 garbage-first heap   total 253952K, used 57346K [0x0000000709800000, 0x0000000800000000)
  region size 1024K, 51 young (52224K), 4 survivors (4096K)
 Metaspace       used 21729K, capacity 22222K, committed 22400K, reserved 1069056K
  class space    used 1929K, capacity 2144K, committed 2176K, reserved 1048576K
}
Event: 4.384 GC heap after
{Heap after GC invocations=4 (full 0):
 garbage-first heap   total 253952K, used 12742K [0x0000000709800000, 0x0000000800000000)
  region size 1024K, 5 young (5120K), 5 survivors (5120K)
 Metaspace       used 21729K, capacity 22222K, committed 22400K, reserved 1069056K
  class space    used 1929K, capacity 2144K, committed 2176K, reserved 1048576K
}
Event: 4.491 GC heap before
{Heap before GC invocations=4 (full 0):
 garbage-first heap   total 253952K, used 83398K [0x0000000709800000, 0x0000000800000000)
  region size 1024K, 74 young (75776K), 5 survivors (5120K)
 Metaspace       used 21742K, capacity 22222K, committed 22400K, reserved 1069056K
  class space    used 1930K, capacity 2144K, committed 2176K, reserved 1048576K
}
Event: 4.498 GC heap after
{Heap after GC invocations=5 (full 0):
 garbage-first heap   total 253952K, used 17262K [0x0000000709800000, 0x0000000800000000)
  region size 1024K, 9 young (9216K), 9 survivors (9216K)
 Metaspace       used 21742K, capacity 22222K, committed 22400K, reserved 1069056K
  class space    used 1930K, capacity 2144K, committed 2176K, reserved 1048576K
}
Event: 7.381 GC heap before
{Heap before GC invocations=5 (full 0):
 garbage-first heap   total 253952K, used 159598K [0x0000000709800000, 0x0000000800000000)
  region size 1024K, 148 young (151552K), 9 survivors (9216K)
 Metaspace       used 23130K, capacity 23633K, committed 23808K, reserved 1071104K
  class space    used 2061K, capacity 2273K, committed 2304K, reserved 1048576K
}
Event: 7.413 GC heap after
{Heap after GC invocations=6 (full 0):
 garbage-first heap   total 253952K, used 27757K [0x0000000709800000, 0x0000000800000000)
  region size 1024K, 19 young (19456K), 19 survivors (19456K)
 Metaspace       used 23130K, capacity 23633K, committed 23808K, reserved 1071104K
  class space    used 2061K, capacity 2273K, committed 2304K, reserved 1048576K
}

