# JRE version: OpenJDK Runtime Environment Temurin-17.0.1+12 (17.0.1+12) (build 17.0.1+12)
# Java VM: OpenJDK 64-Bit Server VM Temurin-17.0.1+12 (17.0.1+12, mixed mode, sharing, tiered, compressed oops, compressed class ptrs, g1 gc, windows-amd64)
GC Precious Log:
 CPUs: 16 total, 16 available
 Memory: 15741M
 Large Page Support: Disabled
 NUMA Support: Disabled
 Compressed Oops: Enabled (Zero based)
 Heap Region Size: 2M
 Heap Min Capacity: 8M
 Heap Initial Capacity: 246M
 Heap Max Capacity: 3936M
 Pre-touch: Disabled
 Parallel Workers: 13
 Concurrent Workers: 3
 Concurrent Refinement Workers: 13
 Periodic GC: Disabled
Heap:
 garbage-first heap   total 251904K, used 79605K [0x000000070a000000, 0x0000000800000000)
  region size 2048K, 11 young (22528K), 1 survivors (2048K)
 Metaspace       used 9994K, committed 10112K, reserved 1064960K
  class space    used 678K, committed 704K, reserved 1048576K
GC Heap History (10 events):
Event: 1.707 GC heap before
{Heap before GC invocations=0 (full 0):
 garbage-first heap   total 251904K, used 20480K [0x000000070a000000, 0x0000000800000000)
  region size 2048K, 11 young (22528K), 0 survivors (0K)
 Metaspace       used 6963K, committed 7104K, reserved 1064960K
  class space    used 418K, committed 512K, reserved 1048576K
}
Event: 1.710 GC heap after
{Heap after GC invocations=1 (full 0):
 garbage-first heap   total 251904K, used 2630K [0x000000070a000000, 0x0000000800000000)
  region size 2048K, 2 young (4096K), 2 survivors (4096K)
 Metaspace       used 6963K, committed 7104K, reserved 1064960K
  class space    used 418K, committed 512K, reserved 1048576K
}
Event: 5.109 GC heap before
{Heap before GC invocations=1 (full 0):
 garbage-first heap   total 251904K, used 43590K [0x000000070a000000, 0x0000000800000000)
  region size 2048K, 19 young (38912K), 2 survivors (4096K)
 Metaspace       used 9355K, committed 9536K, reserved 1064960K
  class space    used 641K, committed 704K, reserved 1048576K
}
Event: 5.127 GC heap after
{Heap after GC invocations=2 (full 0):
 garbage-first heap   total 251904K, used 22466K [0x000000070a000000, 0x0000000800000000)
  region size 2048K, 3 young (6144K), 3 survivors (6144K)
 Metaspace       used 9355K, committed 9536K, reserved 1064960K
  class space    used 641K, committed 704K, reserved 1048576K
}
Event: 5.673 GC heap before
{Heap before GC invocations=2 (full 0):
 garbage-first heap   total 251904K, used 77762K [0x000000070a000000, 0x0000000800000000)
  region size 2048K, 30 young (61440K), 3 survivors (6144K)
 Metaspace       used 9724K, committed 9856K, reserved 1064960K
  class space    used 676K, committed 704K, reserved 1048576K
}
Event: 5.700 GC heap after
{Heap after GC invocations=3 (full 0):
 garbage-first heap   total 251904K, used 58409K [0x000000070a000000, 0x0000000800000000)
  region size 2048K, 4 young (8192K), 4 survivors (8192K)
 Metaspace       used 9724K, committed 9856K, reserved 1064960K
  class space    used 676K, committed 704K, reserved 1048576K
}
Event: 6.501 GC heap before
{Heap before GC invocations=3 (full 0):
 garbage-first heap   total 251904K, used 62505K [0x000000070a000000, 0x0000000800000000)
  region size 2048K, 6 young (12288K), 4 survivors (8192K)
 Metaspace       used 9788K, committed 9920K, reserved 1064960K
  class space    used 676K, committed 704K, reserved 1048576K
}
Event: 6.512 GC heap after
{Heap after GC invocations=4 (full 0):
 garbage-first heap   total 251904K, used 61552K [0x000000070a000000, 0x0000000800000000)
  region size 2048K, 1 young (2048K), 1 survivors (2048K)
 Metaspace       used 9788K, committed 9920K, reserved 1064960K
  class space    used 676K, committed 704K, reserved 1048576K
}
Event: 14.560 GC heap before
{Heap before GC invocations=4 (full 0):
 garbage-first heap   total 251904K, used 102512K [0x000000070a000000, 0x0000000800000000)
  region size 2048K, 21 young (43008K), 1 survivors (2048K)
 Metaspace       used 9913K, committed 10048K, reserved 1064960K
  class space    used 676K, committed 704K, reserved 1048576K
}
Event: 14.563 GC heap after
{Heap after GC invocations=5 (full 0):
 garbage-first heap   total 251904K, used 61173K [0x000000070a000000, 0x0000000800000000)
  region size 2048K, 1 young (2048K), 1 survivors (2048K)
 Metaspace       used 9913K, committed 10048K, reserved 1064960K
  class space    used 676K, committed 704K, reserved 1048576K
}

