# JRE version: OpenJDK Runtime Environment Temurin-17.0.1+12 (17.0.1+12) (build 17.0.1+12)
# Java VM: OpenJDK 64-Bit Server VM Temurin-17.0.1+12 (17.0.1+12, mixed mode, sharing, tiered, compressed oops, compressed class ptrs, g1 gc, windows-amd64)
GC Precious Log:
 CPUs: 16 total, 16 available
 Memory: 15741M
 Large Page Support: Disabled
 NUMA Support: Disabled
 Compressed Oops: Enabled (Zero based)
 Heap Region Size: 2M
 Heap Min Capacity: 8M
 Heap Initial Capacity: 246M
 Heap Max Capacity: 3936M
 Pre-touch: Disabled
 Parallel Workers: 13
 Concurrent Workers: 3
 Concurrent Refinement Workers: 13
 Periodic GC: Disabled
Heap:
 garbage-first heap   total 251904K, used 180980K [0x000000070a000000, 0x0000000800000000)
  region size 2048K, 67 young (137216K), 1 survivors (2048K)
 Metaspace       used 10561K, committed 10688K, reserved 1064960K
  class space    used 759K, committed 832K, reserved 1048576K
GC Heap History (6 events):
Event: 3.233 GC heap before
{Heap before GC invocations=0 (full 0):
 garbage-first heap   total 251904K, used 22528K [0x000000070a000000, 0x0000000800000000)
  region size 2048K, 11 young (22528K), 0 survivors (0K)
 Metaspace       used 7335K, committed 7488K, reserved 1064960K
  class space    used 458K, committed 512K, reserved 1048576K
}
Event: 3.240 GC heap after
{Heap after GC invocations=1 (full 0):
 garbage-first heap   total 251904K, used 2640K [0x000000070a000000, 0x0000000800000000)
  region size 2048K, 2 young (4096K), 2 survivors (4096K)
 Metaspace       used 7335K, committed 7488K, reserved 1064960K
  class space    used 458K, committed 512K, reserved 1048576K
}
Event: 15.381 GC heap before
{Heap before GC invocations=1 (full 0):
 garbage-first heap   total 251904K, used 43600K [0x000000070a000000, 0x0000000800000000)
  region size 2048K, 19 young (38912K), 2 survivors (4096K)
 Metaspace       used 10030K, committed 10176K, reserved 1064960K
  class space    used 707K, committed 768K, reserved 1048576K
}
Event: 15.397 GC heap after
{Heap after GC invocations=2 (full 0):
 garbage-first heap   total 251904K, used 22065K [0x000000070a000000, 0x0000000800000000)
  region size 2048K, 3 young (6144K), 3 survivors (6144K)
 Metaspace       used 10030K, committed 10176K, reserved 1064960K
  class space    used 707K, committed 768K, reserved 1048576K
}
Event: 16.171 GC heap before
{Heap before GC invocations=2 (full 0):
 garbage-first heap   total 251904K, used 28209K [0x000000070a000000, 0x0000000800000000)
  region size 2048K, 6 young (12288K), 3 survivors (6144K)
 Metaspace       used 10049K, committed 10176K, reserved 1064960K
  class space    used 707K, committed 768K, reserved 1048576K
}
Event: 16.178 GC heap after
{Heap after GC invocations=3 (full 0):
 garbage-first heap   total 251904K, used 23284K [0x000000070a000000, 0x0000000800000000)
  region size 2048K, 1 young (2048K), 1 survivors (2048K)
 Metaspace       used 10049K, committed 10176K, reserved 1064960K
  class space    used 707K, committed 768K, reserved 1048576K
}

