# JRE version: OpenJDK Runtime Environment Temurin-17.0.1+12 (17.0.1+12) (build 17.0.1+12)
# Java VM: OpenJDK 64-Bit Server VM Temurin-17.0.1+12 (17.0.1+12, mixed mode, sharing, tiered, compressed oops, compressed class ptrs, g1 gc, windows-amd64)
GC Precious Log:
 CPUs: 16 total, 16 available
 Memory: 15741M
 Large Page Support: Disabled
 NUMA Support: Disabled
 Compressed Oops: Enabled (Zero based)
 Heap Region Size: 2M
 Heap Min Capacity: 8M
 Heap Initial Capacity: 246M
 Heap Max Capacity: 3936M
 Pre-touch: Disabled
 Parallel Workers: 13
 Concurrent Workers: 3
 Concurrent Refinement Workers: 13
 Periodic GC: Disabled
Heap:
 garbage-first heap   total 184320K, used 89618K [0x000000070a000000, 0x0000000800000000)
  region size 2048K, 24 young (49152K), 4 survivors (8192K)
 Metaspace       used 10484K, committed 10624K, reserved 1064960K
  class space    used 741K, committed 832K, reserved 1048576K
GC Heap History (18 events):
Event: 2.162 GC heap before
{Heap before GC invocations=0 (full 0):
 garbage-first heap   total 251904K, used 22528K [0x000000070a000000, 0x0000000800000000)
  region size 2048K, 11 young (22528K), 0 survivors (0K)
 Metaspace       used 7299K, committed 7424K, reserved 1064960K
  class space    used 453K, committed 512K, reserved 1048576K
}
Event: 2.164 GC heap after
{Heap after GC invocations=1 (full 0):
 garbage-first heap   total 251904K, used 2630K [0x000000070a000000, 0x0000000800000000)
  region size 2048K, 2 young (4096K), 2 survivors (4096K)
 Metaspace       used 7299K, committed 7424K, reserved 1064960K
  class space    used 453K, committed 512K, reserved 1048576K
}
Event: 4.729 GC heap before
{Heap before GC invocations=1 (full 0):
 garbage-first heap   total 251904K, used 43590K [0x000000070a000000, 0x0000000800000000)
  region size 2048K, 19 young (38912K), 2 survivors (4096K)
 Metaspace       used 9731K, committed 9792K, reserved 1064960K
  class space    used 677K, committed 704K, reserved 1048576K
}
Event: 4.738 GC heap after
{Heap after GC invocations=2 (full 0):
 garbage-first heap   total 251904K, used 22645K [0x000000070a000000, 0x0000000800000000)
  region size 2048K, 3 young (6144K), 3 survivors (6144K)
 Metaspace       used 9731K, committed 9792K, reserved 1064960K
  class space    used 677K, committed 704K, reserved 1048576K
}
Event: 5.170 GC heap before
{Heap before GC invocations=2 (full 0):
 garbage-first heap   total 251904K, used 28789K [0x000000070a000000, 0x0000000800000000)
  region size 2048K, 6 young (12288K), 3 survivors (6144K)
 Metaspace       used 9797K, committed 9856K, reserved 1064960K
  class space    used 677K, committed 704K, reserved 1048576K
}
Event: 5.174 GC heap after
{Heap after GC invocations=3 (full 0):
 garbage-first heap   total 251904K, used 24080K [0x000000070a000000, 0x0000000800000000)
  region size 2048K, 1 young (2048K), 1 survivors (2048K)
 Metaspace       used 9797K, committed 9856K, reserved 1064960K
  class space    used 677K, committed 704K, reserved 1048576K
}
Event: 18.108 GC heap before
{Heap before GC invocations=3 (full 0):
 garbage-first heap   total 251904K, used 183824K [0x000000070a000000, 0x0000000800000000)
  region size 2048K, 73 young (149504K), 1 survivors (2048K)
 Metaspace       used 10312K, committed 10432K, reserved 1064960K
  class space    used 727K, committed 768K, reserved 1048576K
}
Event: 18.111 GC heap after
{Heap after GC invocations=4 (full 0):
 garbage-first heap   total 251904K, used 39979K [0x000000070a000000, 0x0000000800000000)
  region size 2048K, 3 young (6144K), 3 survivors (6144K)
 Metaspace       used 10312K, committed 10432K, reserved 1064960K
  class space    used 727K, committed 768K, reserved 1048576K
}
Event: 30.696 GC heap before
{Heap before GC invocations=4 (full 0):
 garbage-first heap   total 251904K, used 207915K [0x000000070a000000, 0x0000000800000000)
  region size 2048K, 73 young (149504K), 3 survivors (6144K)
 Metaspace       used 10324K, committed 10432K, reserved 1064960K
  class space    used 727K, committed 768K, reserved 1048576K
}
Event: 30.699 GC heap after
{Heap after GC invocations=5 (full 0):
 garbage-first heap   total 251904K, used 69167K [0x000000070a000000, 0x0000000800000000)
  region size 2048K, 5 young (10240K), 5 survivors (10240K)
 Metaspace       used 10324K, committed 10432K, reserved 1064960K
  class space    used 727K, committed 768K, reserved 1048576K
}
Event: 42.100 GC heap before
{Heap before GC invocations=5 (full 0):
 garbage-first heap   total 251904K, used 222767K [0x000000070a000000, 0x0000000800000000)
  region size 2048K, 68 young (139264K), 5 survivors (10240K)
 Metaspace       used 10454K, committed 10624K, reserved 1064960K
  class space    used 740K, committed 832K, reserved 1048576K
}
Event: 42.104 GC heap after
{Heap after GC invocations=6 (full 0):
 garbage-first heap   total 251904K, used 99274K [0x000000070a000000, 0x0000000800000000)
  region size 2048K, 8 young (16384K), 8 survivors (16384K)
 Metaspace       used 10454K, committed 10624K, reserved 1064960K
  class space    used 740K, committed 832K, reserved 1048576K
}
Event: 51.388 GC heap before
{Heap before GC invocations=6 (full 0):
 garbage-first heap   total 251904K, used 207818K [0x000000070a000000, 0x0000000800000000)
  region size 2048K, 58 young (118784K), 8 survivors (16384K)
 Metaspace       used 10468K, committed 10624K, reserved 1064960K
  class space    used 740K, committed 832K, reserved 1048576K
}
Event: 51.393 GC heap after
{Heap after GC invocations=7 (full 0):
 garbage-first heap   total 251904K, used 107738K [0x000000070a000000, 0x0000000800000000)
  region size 2048K, 4 young (8192K), 4 survivors (8192K)
 Metaspace       used 10468K, committed 10624K, reserved 1064960K
  class space    used 740K, committed 832K, reserved 1048576K
}
Event: 60.416 GC heap before
{Heap before GC invocations=7 (full 0):
 garbage-first heap   total 251904K, used 220378K [0x000000070a000000, 0x0000000800000000)
  region size 2048K, 53 young (108544K), 4 survivors (8192K)
 Metaspace       used 10470K, committed 10624K, reserved 1064960K
  class space    used 740K, committed 832K, reserved 1048576K
}
Event: 60.419 GC heap after
{Heap after GC invocations=8 (full 0):
 garbage-first heap   total 251904K, used 123857K [0x000000070a000000, 0x0000000800000000)
  region size 2048K, 4 young (8192K), 4 survivors (8192K)
 Metaspace       used 10470K, committed 10624K, reserved 1064960K
  class space    used 740K, committed 832K, reserved 1048576K
}
Event: 63.391 GC heap before
{Heap before GC invocations=8 (full 0):
 garbage-first heap   total 251904K, used 154577K [0x000000070a000000, 0x0000000800000000)
  region size 2048K, 20 young (40960K), 4 survivors (8192K)
 Metaspace       used 10470K, committed 10624K, reserved 1064960K
  class space    used 740K, committed 832K, reserved 1048576K
}
Event: 63.394 GC heap after
{Heap after GC invocations=9 (full 0):
 garbage-first heap   total 251904K, used 124434K [0x000000070a000000, 0x0000000800000000)
  region size 2048K, 4 young (8192K), 4 survivors (8192K)
 Metaspace       used 10470K, committed 10624K, reserved 1064960K
  class space    used 740K, committed 832K, reserved 1048576K
}

