# JRE version: OpenJDK Runtime Environment Temurin-11.0.13+8 (11.0.13+8) (build 11.0.13+8)
# Java VM: OpenJDK 64-Bit Server VM Temurin-11.0.13+8 (11.0.13+8, mixed mode, tiered, compressed oops, g1 gc, windows-amd64)
Heap:
 garbage-first heap   total 253952K, used 81957K [0x0000000709800000, 0x0000000800000000)
  region size 1024K, 75 young (76800K), 7 survivors (7168K)
 Metaspace       used 24119K, capacity 24391K, committed 24624K, reserved 1071104K
  class space    used 2086K, capacity 2163K, committed 2176K, reserved 1048576K
GC Heap History (6 events):
Event: 1.216 GC heap before
{Heap before GC invocations=0 (full 0):
 garbage-first heap   total 253952K, used 23552K [0x0000000709800000, 0x0000000800000000)
  region size 1024K, 24 young (24576K), 0 survivors (0K)
 Metaspace       used 12215K, capacity 12413K, committed 12800K, reserved 1060864K
  class space    used 867K, capacity 924K, committed 1024K, reserved 1048576K
}
Event: 1.242 GC heap after
{Heap after GC invocations=1 (full 0):
 garbage-first heap   total 253952K, used 2503K [0x0000000709800000, 0x0000000800000000)
  region size 1024K, 3 young (3072K), 3 survivors (3072K)
 Metaspace       used 12215K, capacity 12413K, committed 12800K, reserved 1060864K
  class space    used 867K, capacity 924K, committed 1024K, reserved 1048576K
}
Event: 5.430 GC heap before
{Heap before GC invocations=1 (full 0):
 garbage-first heap   total 253952K, used 30151K [0x0000000709800000, 0x0000000800000000)
  region size 1024K, 29 young (29696K), 3 survivors (3072K)
 Metaspace       used 20999K, capacity 21163K, committed 21296K, reserved 1069056K
  class space    used 1792K, capacity 1858K, committed 1920K, reserved 1048576K
}
Event: 5.443 GC heap after
{Heap after GC invocations=2 (full 0):
 garbage-first heap   total 253952K, used 5743K [0x0000000709800000, 0x0000000800000000)
  region size 1024K, 6 young (6144K), 6 survivors (6144K)
 Metaspace       used 20999K, capacity 21163K, committed 21296K, reserved 1069056K
  class space    used 1792K, capacity 1858K, committed 1920K, reserved 1048576K
}
Event: 6.768 GC heap before
{Heap before GC invocations=3 (full 0):
 garbage-first heap   total 253952K, used 54895K [0x0000000709800000, 0x0000000800000000)
  region size 1024K, 50 young (51200K), 6 survivors (6144K)
 Metaspace       used 23401K, capacity 23716K, committed 23856K, reserved 1071104K
  class space    used 2046K, capacity 2131K, committed 2176K, reserved 1048576K
}
Event: 6.778 GC heap after
{Heap after GC invocations=4 (full 0):
 garbage-first heap   total 253952K, used 13349K [0x0000000709800000, 0x0000000800000000)
  region size 1024K, 7 young (7168K), 7 survivors (7168K)
 Metaspace       used 23401K, capacity 23716K, committed 23856K, reserved 1071104K
  class space    used 2046K, capacity 2131K, committed 2176K, reserved 1048576K
}

