# JRE version: OpenJDK Runtime Environment Temurin-11.0.13+8 (11.0.13+8) (build 11.0.13+8)
# Java VM: OpenJDK 64-Bit Server VM Temurin-11.0.13+8 (11.0.13+8, mixed mode, tiered, compressed oops, g1 gc, windows-amd64)
Heap:
 garbage-first heap   total 253952K, used 31686K [0x0000000709800000, 0x0000000800000000)
  region size 1024K, 15 young (15360K), 9 survivors (9216K)
 Metaspace       used 24737K, capacity 24976K, committed 25264K, reserved 1073152K
  class space    used 2141K, capacity 2230K, committed 2304K, reserved 1048576K
GC Heap History (10 events):
Event: 1.225 GC heap before
{Heap before GC invocations=0 (full 0):
 garbage-first heap   total 253952K, used 23552K [0x0000000709800000, 0x0000000800000000)
  region size 1024K, 24 young (24576K), 0 survivors (0K)
 Metaspace       used 12210K, capacity 12413K, committed 12800K, reserved 1060864K
  class space    used 866K, capacity 924K, committed 1024K, reserved 1048576K
}
Event: 1.231 GC heap after
{Heap after GC invocations=1 (full 0):
 garbage-first heap   total 253952K, used 2571K [0x0000000709800000, 0x0000000800000000)
  region size 1024K, 3 young (3072K), 3 survivors (3072K)
 Metaspace       used 12210K, capacity 12413K, committed 12800K, reserved 1060864K
  class space    used 866K, capacity 924K, committed 1024K, reserved 1048576K
}
Event: 5.268 GC heap before
{Heap before GC invocations=1 (full 0):
 garbage-first heap   total 253952K, used 30219K [0x0000000709800000, 0x0000000800000000)
  region size 1024K, 29 young (29696K), 3 survivors (3072K)
 Metaspace       used 20997K, capacity 21163K, committed 21296K, reserved 1069056K
  class space    used 1791K, capacity 1858K, committed 1920K, reserved 1048576K
}
Event: 5.275 GC heap after
{Heap after GC invocations=2 (full 0):
 garbage-first heap   total 253952K, used 5716K [0x0000000709800000, 0x0000000800000000)
  region size 1024K, 6 young (6144K), 6 survivors (6144K)
 Metaspace       used 20997K, capacity 21163K, committed 21296K, reserved 1069056K
  class space    used 1791K, capacity 1858K, committed 1920K, reserved 1048576K
}
Event: 5.676 GC heap before
{Heap before GC invocations=3 (full 0):
 garbage-first heap   total 253952K, used 53844K [0x0000000709800000, 0x0000000800000000)
  region size 1024K, 49 young (50176K), 6 survivors (6144K)
 Metaspace       used 23400K, capacity 23713K, committed 23856K, reserved 1071104K
  class space    used 2045K, capacity 2130K, committed 2176K, reserved 1048576K
}
Event: 5.684 GC heap after
{Heap after GC invocations=4 (full 0):
 garbage-first heap   total 253952K, used 13595K [0x0000000709800000, 0x0000000800000000)
  region size 1024K, 7 young (7168K), 7 survivors (7168K)
 Metaspace       used 23400K, capacity 23713K, committed 23856K, reserved 1071104K
  class space    used 2045K, capacity 2130K, committed 2176K, reserved 1048576K
}
Event: 9.443 GC heap before
{Heap before GC invocations=4 (full 0):
 garbage-first heap   total 253952K, used 86299K [0x0000000709800000, 0x0000000800000000)
  region size 1024K, 78 young (79872K), 7 survivors (7168K)
 Metaspace       used 24058K, capacity 24324K, committed 24624K, reserved 1071104K
  class space    used 2080K, capacity 2162K, committed 2176K, reserved 1048576K
}
Event: 9.449 GC heap after
{Heap after GC invocations=5 (full 0):
 garbage-first heap   total 253952K, used 15886K [0x0000000709800000, 0x0000000800000000)
  region size 1024K, 6 young (6144K), 6 survivors (6144K)
 Metaspace       used 24058K, capacity 24324K, committed 24624K, reserved 1071104K
  class space    used 2080K, capacity 2162K, committed 2176K, reserved 1048576K
}
Event: 17.194 GC heap before
{Heap before GC invocations=5 (full 0):
 garbage-first heap   total 253952K, used 153102K [0x0000000709800000, 0x0000000800000000)
  region size 1024K, 132 young (135168K), 6 survivors (6144K)
 Metaspace       used 24699K, capacity 24976K, committed 25264K, reserved 1073152K
  class space    used 2140K, capacity 2230K, committed 2304K, reserved 1048576K
}
Event: 17.201 GC heap after
{Heap after GC invocations=6 (full 0):
 garbage-first heap   total 253952K, used 26566K [0x0000000709800000, 0x0000000800000000)
  region size 1024K, 9 young (9216K), 9 survivors (9216K)
 Metaspace       used 24699K, capacity 24976K, committed 25264K, reserved 1073152K
  class space    used 2140K, capacity 2230K, committed 2304K, reserved 1048576K
}

