# JRE version: OpenJDK Runtime Environment Temurin-17.0.1+12 (17.0.1+12) (build 17.0.1+12)
# Java VM: OpenJDK 64-Bit Server VM Temurin-17.0.1+12 (17.0.1+12, mixed mode, sharing, tiered, compressed oops, compressed class ptrs, g1 gc, windows-amd64)
GC Precious Log:
 CPUs: 16 total, 16 available
 Memory: 15741M
 Large Page Support: Disabled
 NUMA Support: Disabled
 Compressed Oops: Enabled (Zero based)
 Heap Region Size: 2M
 Heap Min Capacity: 8M
 Heap Initial Capacity: 246M
 Heap Max Capacity: 3936M
 Pre-touch: Disabled
 Parallel Workers: 13
 Concurrent Workers: 3
 Concurrent Refinement Workers: 13
 Periodic GC: Disabled
Heap:
 garbage-first heap   total 251904K, used 67516K [0x000000070a000000, 0x0000000800000000)
  region size 2048K, 5 young (10240K), 3 survivors (6144K)
 Metaspace       used 10052K, committed 10176K, reserved 1064960K
  class space    used 677K, committed 704K, reserved 1048576K
GC Heap History (16 events):
Event: 1.878 GC heap before
{Heap before GC invocations=0 (full 0):
 garbage-first heap   total 251904K, used 22528K [0x000000070a000000, 0x0000000800000000)
  region size 2048K, 11 young (22528K), 0 survivors (0K)
 Metaspace       used 6990K, committed 7168K, reserved 1064960K
  class space    used 421K, committed 512K, reserved 1048576K
}
Event: 1.882 GC heap after
{Heap after GC invocations=1 (full 0):
 garbage-first heap   total 251904K, used 2547K [0x000000070a000000, 0x0000000800000000)
  region size 2048K, 2 young (4096K), 2 survivors (4096K)
 Metaspace       used 6990K, committed 7168K, reserved 1064960K
  class space    used 421K, committed 512K, reserved 1048576K
}
Event: 5.803 GC heap before
{Heap before GC invocations=1 (full 0):
 garbage-first heap   total 251904K, used 39411K [0x000000070a000000, 0x0000000800000000)
  region size 2048K, 17 young (34816K), 2 survivors (4096K)
 Metaspace       used 9325K, committed 9472K, reserved 1064960K
  class space    used 640K, committed 704K, reserved 1048576K
}
Event: 5.822 GC heap after
{Heap after GC invocations=2 (full 0):
 garbage-first heap   total 251904K, used 19919K [0x000000070a000000, 0x0000000800000000)
  region size 2048K, 3 young (6144K), 3 survivors (6144K)
 Metaspace       used 9325K, committed 9472K, reserved 1064960K
  class space    used 640K, committed 704K, reserved 1048576K
}
Event: 6.588 GC heap before
{Heap before GC invocations=2 (full 0):
 garbage-first heap   total 251904K, used 79311K [0x000000070a000000, 0x0000000800000000)
  region size 2048K, 32 young (65536K), 3 survivors (6144K)
 Metaspace       used 9696K, committed 9792K, reserved 1064960K
  class space    used 675K, committed 704K, reserved 1048576K
}
Event: 6.618 GC heap after
{Heap after GC invocations=3 (full 0):
 garbage-first heap   total 251904K, used 58188K [0x000000070a000000, 0x0000000800000000)
  region size 2048K, 4 young (8192K), 4 survivors (8192K)
 Metaspace       used 9696K, committed 9792K, reserved 1064960K
  class space    used 675K, committed 704K, reserved 1048576K
}
Event: 7.439 GC heap before
{Heap before GC invocations=3 (full 0):
 garbage-first heap   total 251904K, used 62284K [0x000000070a000000, 0x0000000800000000)
  region size 2048K, 6 young (12288K), 4 survivors (8192K)
 Metaspace       used 9759K, committed 9856K, reserved 1064960K
  class space    used 675K, committed 704K, reserved 1048576K
}
Event: 7.449 GC heap after
{Heap after GC invocations=4 (full 0):
 garbage-first heap   total 251904K, used 61851K [0x000000070a000000, 0x0000000800000000)
  region size 2048K, 1 young (2048K), 1 survivors (2048K)
 Metaspace       used 9759K, committed 9856K, reserved 1064960K
  class space    used 675K, committed 704K, reserved 1048576K
}
Event: 14.542 GC heap before
{Heap before GC invocations=4 (full 0):
 garbage-first heap   total 251904K, used 98715K [0x000000070a000000, 0x0000000800000000)
  region size 2048K, 19 young (38912K), 1 survivors (2048K)
 Metaspace       used 9873K, committed 9984K, reserved 1064960K
  class space    used 675K, committed 704K, reserved 1048576K
}
Event: 14.544 GC heap after
{Heap after GC invocations=5 (full 0):
 garbage-first heap   total 251904K, used 61156K [0x000000070a000000, 0x0000000800000000)
  region size 2048K, 1 young (2048K), 1 survivors (2048K)
 Metaspace       used 9873K, committed 9984K, reserved 1064960K
  class space    used 675K, committed 704K, reserved 1048576K
}
Event: 30.045 GC heap before
{Heap before GC invocations=5 (full 0):
 garbage-first heap   total 251904K, used 145124K [0x000000070a000000, 0x0000000800000000)
  region size 2048K, 42 young (86016K), 1 survivors (2048K)
 Metaspace       used 10039K, committed 10176K, reserved 1064960K
  class space    used 676K, committed 704K, reserved 1048576K
}
Event: 30.050 GC heap after
{Heap after GC invocations=6 (full 0):
 garbage-first heap   total 251904K, used 62266K [0x000000070a000000, 0x0000000800000000)
  region size 2048K, 1 young (2048K), 1 survivors (2048K)
 Metaspace       used 10039K, committed 10176K, reserved 1064960K
  class space    used 676K, committed 704K, reserved 1048576K
}
Event: 52.935 GC heap before
{Heap before GC invocations=6 (full 0):
 garbage-first heap   total 251904K, used 179002K [0x000000070a000000, 0x0000000800000000)
  region size 2048K, 58 young (118784K), 1 survivors (2048K)
 Metaspace       used 10041K, committed 10176K, reserved 1064960K
  class space    used 676K, committed 704K, reserved 1048576K
}
Event: 52.940 GC heap after
{Heap after GC invocations=7 (full 0):
 garbage-first heap   total 251904K, used 63897K [0x000000070a000000, 0x0000000800000000)
  region size 2048K, 2 young (4096K), 2 survivors (4096K)
 Metaspace       used 10041K, committed 10176K, reserved 1064960K
  class space    used 676K, committed 704K, reserved 1048576K
}
Event: 76.292 GC heap before
{Heap before GC invocations=7 (full 0):
 garbage-first heap   total 251904K, used 184729K [0x000000070a000000, 0x0000000800000000)
  region size 2048K, 61 young (124928K), 2 survivors (4096K)
 Metaspace       used 10041K, committed 10176K, reserved 1064960K
  class space    used 676K, committed 704K, reserved 1048576K
}
Event: 76.298 GC heap after
{Heap after GC invocations=8 (full 0):
 garbage-first heap   total 251904K, used 65468K [0x000000070a000000, 0x0000000800000000)
  region size 2048K, 3 young (6144K), 3 survivors (6144K)
 Metaspace       used 10041K, committed 10176K, reserved 1064960K
  class space    used 676K, committed 704K, reserved 1048576K
}

