# JRE version: OpenJDK Runtime Environment Temurin-11.0.13+8 (11.0.13+8) (build 11.0.13+8)
# Java VM: OpenJDK 64-Bit Server VM Temurin-11.0.13+8 (11.0.13+8, mixed mode, tiered, compressed oops, g1 gc, windows-amd64)
Heap:
 garbage-first heap   total 253952K, used 62373K [0x0000000709800000, 0x0000000800000000)
  region size 1024K, 51 young (52224K), 12 survivors (12288K)
 Metaspace       used 24201K, capacity 24695K, committed 24960K, reserved 1071104K
  class space    used 2158K, capacity 2370K, committed 2432K, reserved 1048576K
GC Heap History (10 events):
Event: 4.558 GC heap before
{Heap before GC invocations=0 (full 0):
 garbage-first heap   total 253952K, used 25600K [0x0000000709800000, 0x0000000800000000)
  region size 1024K, 24 young (24576K), 0 survivors (0K)
 Metaspace       used 17117K, capacity 17648K, committed 17792K, reserved 1064960K
  class space    used 1707K, capacity 1916K, committed 1920K, reserved 1048576K
}
Event: 4.564 GC heap after
{Heap after GC invocations=1 (full 0):
 garbage-first heap   total 253952K, used 4304K [0x0000000709800000, 0x0000000800000000)
  region size 1024K, 3 young (3072K), 3 survivors (3072K)
 Metaspace       used 17117K, capacity 17648K, committed 17792K, reserved 1064960K
  class space    used 1707K, capacity 1916K, committed 1920K, reserved 1048576K
}
Event: 5.281 GC heap before
{Heap before GC invocations=1 (full 0):
 garbage-first heap   total 253952K, used 20688K [0x0000000709800000, 0x0000000800000000)
  region size 1024K, 16 young (16384K), 3 survivors (3072K)
 Metaspace       used 20639K, capacity 21099K, committed 21248K, reserved 1069056K
  class space    used 1859K, capacity 2047K, committed 2048K, reserved 1048576K
}
Event: 5.286 GC heap after
{Heap after GC invocations=2 (full 0):
 garbage-first heap   total 253952K, used 9327K [0x0000000709800000, 0x0000000800000000)
  region size 1024K, 4 young (4096K), 4 survivors (4096K)
 Metaspace       used 20639K, capacity 21099K, committed 21248K, reserved 1069056K
  class space    used 1859K, capacity 2047K, committed 2048K, reserved 1048576K
}
Event: 5.530 GC heap before
{Heap before GC invocations=3 (full 0):
 garbage-first heap   total 253952K, used 52335K [0x0000000709800000, 0x0000000800000000)
  region size 1024K, 46 young (47104K), 4 survivors (4096K)
 Metaspace       used 21743K, capacity 22222K, committed 22400K, reserved 1069056K
  class space    used 1930K, capacity 2144K, committed 2176K, reserved 1048576K
}
Event: 5.538 GC heap after
{Heap after GC invocations=4 (full 0):
 garbage-first heap   total 253952K, used 12280K [0x0000000709800000, 0x0000000800000000)
  region size 1024K, 4 young (4096K), 4 survivors (4096K)
 Metaspace       used 21743K, capacity 22222K, committed 22400K, reserved 1069056K
  class space    used 1930K, capacity 2144K, committed 2176K, reserved 1048576K
}
Event: 5.645 GC heap before
{Heap before GC invocations=4 (full 0):
 garbage-first heap   total 253952K, used 76792K [0x0000000709800000, 0x0000000800000000)
  region size 1024K, 67 young (68608K), 4 survivors (4096K)
 Metaspace       used 21756K, capacity 22222K, committed 22400K, reserved 1069056K
  class space    used 1931K, capacity 2144K, committed 2176K, reserved 1048576K
}
Event: 5.652 GC heap after
{Heap after GC invocations=5 (full 0):
 garbage-first heap   total 253952K, used 16791K [0x0000000709800000, 0x0000000800000000)
  region size 1024K, 9 young (9216K), 9 survivors (9216K)
 Metaspace       used 21756K, capacity 22222K, committed 22400K, reserved 1069056K
  class space    used 1931K, capacity 2144K, committed 2176K, reserved 1048576K
}
Event: 5.780 GC heap before
{Heap before GC invocations=5 (full 0):
 garbage-first heap   total 253952K, used 110999K [0x0000000709800000, 0x0000000800000000)
  region size 1024K, 101 young (103424K), 9 survivors (9216K)
 Metaspace       used 21756K, capacity 22222K, committed 22400K, reserved 1069056K
  class space    used 1931K, capacity 2144K, committed 2176K, reserved 1048576K
}
Event: 5.793 GC heap after
{Heap after GC invocations=6 (full 0):
 garbage-first heap   total 253952K, used 23461K [0x0000000709800000, 0x0000000800000000)
  region size 1024K, 12 young (12288K), 12 survivors (12288K)
 Metaspace       used 21756K, capacity 22222K, committed 22400K, reserved 1069056K
  class space    used 1931K, capacity 2144K, committed 2176K, reserved 1048576K
}

