# JRE version: OpenJDK Runtime Environment Temurin-11.0.13+8 (11.0.13+8) (build 11.0.13+8)
# Java VM: OpenJDK 64-Bit Server VM Temurin-11.0.13+8 (11.0.13+8, mixed mode, tiered, compressed oops, g1 gc, windows-amd64)
Heap:
 garbage-first heap   total 253952K, used 107838K [0x0000000709800000, 0x0000000800000000)
  region size 1024K, 103 young (105472K), 11 survivors (11264K)
 Metaspace       used 24231K, capacity 24497K, committed 24624K, reserved 1071104K
  class space    used 2080K, capacity 2154K, committed 2176K, reserved 1048576K
GC Heap History (6 events):
Event: 1.716 GC heap before
{Heap before GC invocations=0 (full 0):
 garbage-first heap   total 253952K, used 23552K [0x0000000709800000, 0x0000000800000000)
  region size 1024K, 24 young (24576K), 0 survivors (0K)
 Metaspace       used 12214K, capacity 12413K, committed 12800K, reserved 1060864K
  class space    used 867K, capacity 924K, committed 1024K, reserved 1048576K
}
Event: 1.724 GC heap after
{Heap after GC invocations=1 (full 0):
 garbage-first heap   total 253952K, used 2503K [0x0000000709800000, 0x0000000800000000)
  region size 1024K, 3 young (3072K), 3 survivors (3072K)
 Metaspace       used 12214K, capacity 12413K, committed 12800K, reserved 1060864K
  class space    used 867K, capacity 924K, committed 1024K, reserved 1048576K
}
Event: 5.400 GC heap before
{Heap before GC invocations=1 (full 0):
 garbage-first heap   total 253952K, used 26055K [0x0000000709800000, 0x0000000800000000)
  region size 1024K, 27 young (27648K), 3 survivors (3072K)
 Metaspace       used 20977K, capacity 21163K, committed 21296K, reserved 1069056K
  class space    used 1794K, capacity 1858K, committed 1920K, reserved 1048576K
}
Event: 5.410 GC heap after
{Heap after GC invocations=2 (full 0):
 garbage-first heap   total 253952K, used 5350K [0x0000000709800000, 0x0000000800000000)
  region size 1024K, 6 young (6144K), 6 survivors (6144K)
 Metaspace       used 20977K, capacity 21163K, committed 21296K, reserved 1069056K
  class space    used 1794K, capacity 1858K, committed 1920K, reserved 1048576K
}
Event: 9.775 GC heap before
{Heap before GC invocations=3 (full 0):
 garbage-first heap   total 253952K, used 109798K [0x0000000709800000, 0x0000000800000000)
  region size 1024K, 104 young (106496K), 6 survivors (6144K)
 Metaspace       used 23975K, capacity 24241K, committed 24368K, reserved 1071104K
  class space    used 2075K, capacity 2154K, committed 2176K, reserved 1048576K
}
Event: 9.795 GC heap after
{Heap after GC invocations=4 (full 0):
 garbage-first heap   total 253952K, used 14654K [0x0000000709800000, 0x0000000800000000)
  region size 1024K, 11 young (11264K), 11 survivors (11264K)
 Metaspace       used 23975K, capacity 24241K, committed 24368K, reserved 1071104K
  class space    used 2075K, capacity 2154K, committed 2176K, reserved 1048576K
}

