# JRE version: OpenJDK Runtime Environment Temurin-17.0.1+12 (17.0.1+12) (build 17.0.1+12)
# Java VM: OpenJDK 64-Bit Server VM Temurin-17.0.1+12 (17.0.1+12, mixed mode, sharing, tiered, compressed oops, compressed class ptrs, g1 gc, windows-amd64)
GC Precious Log:
 CPUs: 16 total, 16 available
 Memory: 15741M
 Large Page Support: Disabled
 NUMA Support: Disabled
 Compressed Oops: Enabled (Zero based)
 Heap Region Size: 2M
 Heap Min Capacity: 8M
 Heap Initial Capacity: 246M
 Heap Max Capacity: 3936M
 Pre-touch: Disabled
 Parallel Workers: 13
 Concurrent Workers: 3
 Concurrent Refinement Workers: 13
 Periodic GC: Disabled
Heap:
 garbage-first heap   total 251904K, used 37214K [0x000000070a000000, 0x0000000800000000)
  region size 2048K, 5 young (10240K), 4 survivors (8192K)
 Metaspace       used 10389K, committed 10560K, reserved 1064960K
  class space    used 730K, committed 832K, reserved 1048576K
GC Heap History (10 events):
Event: 2.210 GC heap before
{Heap before GC invocations=0 (full 0):
 garbage-first heap   total 251904K, used 22528K [0x000000070a000000, 0x0000000800000000)
  region size 2048K, 11 young (22528K), 0 survivors (0K)
 Metaspace       used 7270K, committed 7424K, reserved 1064960K
  class space    used 450K, committed 512K, reserved 1048576K
}
Event: 2.214 GC heap after
{Heap after GC invocations=1 (full 0):
 garbage-first heap   total 251904K, used 2463K [0x000000070a000000, 0x0000000800000000)
  region size 2048K, 2 young (4096K), 2 survivors (4096K)
 Metaspace       used 7270K, committed 7424K, reserved 1064960K
  class space    used 450K, committed 512K, reserved 1048576K
}
Event: 4.598 GC heap before
{Heap before GC invocations=1 (full 0):
 garbage-first heap   total 251904K, used 43423K [0x000000070a000000, 0x0000000800000000)
  region size 2048K, 19 young (38912K), 2 survivors (4096K)
 Metaspace       used 9763K, committed 9856K, reserved 1064960K
  class space    used 678K, committed 704K, reserved 1048576K
}
Event: 4.607 GC heap after
{Heap after GC invocations=2 (full 0):
 garbage-first heap   total 251904K, used 22711K [0x000000070a000000, 0x0000000800000000)
  region size 2048K, 3 young (6144K), 3 survivors (6144K)
 Metaspace       used 9763K, committed 9856K, reserved 1064960K
  class space    used 678K, committed 704K, reserved 1048576K
}
Event: 5.107 GC heap before
{Heap before GC invocations=2 (full 0):
 garbage-first heap   total 251904K, used 28855K [0x000000070a000000, 0x0000000800000000)
  region size 2048K, 6 young (12288K), 3 survivors (6144K)
 Metaspace       used 9831K, committed 9984K, reserved 1064960K
  class space    used 678K, committed 704K, reserved 1048576K
}
Event: 5.113 GC heap after
{Heap after GC invocations=3 (full 0):
 garbage-first heap   total 251904K, used 24282K [0x000000070a000000, 0x0000000800000000)
  region size 2048K, 1 young (2048K), 1 survivors (2048K)
 Metaspace       used 9831K, committed 9984K, reserved 1064960K
  class space    used 678K, committed 704K, reserved 1048576K
}
Event: 18.878 GC heap before
{Heap before GC invocations=3 (full 0):
 garbage-first heap   total 251904K, used 177882K [0x000000070a000000, 0x0000000800000000)
  region size 2048K, 73 young (149504K), 1 survivors (2048K)
 Metaspace       used 10371K, committed 10432K, reserved 1064960K
  class space    used 729K, committed 768K, reserved 1048576K
}
Event: 18.882 GC heap after
{Heap after GC invocations=4 (full 0):
 garbage-first heap   total 251904K, used 34217K [0x000000070a000000, 0x0000000800000000)
  region size 2048K, 3 young (6144K), 3 survivors (6144K)
 Metaspace       used 10371K, committed 10432K, reserved 1064960K
  class space    used 729K, committed 768K, reserved 1048576K
}
Event: 31.906 GC heap before
{Heap before GC invocations=4 (full 0):
 garbage-first heap   total 251904K, used 177577K [0x000000070a000000, 0x0000000800000000)
  region size 2048K, 73 young (149504K), 3 survivors (6144K)
 Metaspace       used 10378K, committed 10496K, reserved 1064960K
  class space    used 729K, committed 768K, reserved 1048576K
}
Event: 31.909 GC heap after
{Heap after GC invocations=5 (full 0):
 garbage-first heap   total 251904K, used 37214K [0x000000070a000000, 0x0000000800000000)
  region size 2048K, 4 young (8192K), 4 survivors (8192K)
 Metaspace       used 10378K, committed 10496K, reserved 1064960K
  class space    used 729K, committed 768K, reserved 1048576K
}

