# JRE version: OpenJDK Runtime Environment Temurin-17.0.1+12 (17.0.1+12) (build 17.0.1+12)
# Java VM: OpenJDK 64-Bit Server VM Temurin-17.0.1+12 (17.0.1+12, mixed mode, sharing, tiered, compressed oops, compressed class ptrs, g1 gc, windows-amd64)
GC Precious Log:
 CPUs: 16 total, 16 available
 Memory: 15741M
 Large Page Support: Disabled
 NUMA Support: Disabled
 Compressed Oops: Enabled (Zero based)
 Heap Region Size: 2M
 Heap Min Capacity: 8M
 Heap Initial Capacity: 246M
 Heap Max Capacity: 3936M
 Pre-touch: Disabled
 Parallel Workers: 13
 Concurrent Workers: 3
 Concurrent Refinement Workers: 13
 Periodic GC: Disabled
Heap:
 garbage-first heap   total 251904K, used 112108K [0x000000070a000000, 0x0000000800000000)
  region size 2048K, 34 young (69632K), 1 survivors (2048K)
 Metaspace       used 10313K, committed 10496K, reserved 1064960K
  class space    used 729K, committed 832K, reserved 1048576K
GC Heap History (6 events):
Event: 1.999 GC heap before
{Heap before GC invocations=0 (full 0):
 garbage-first heap   total 251904K, used 22528K [0x000000070a000000, 0x0000000800000000)
  region size 2048K, 11 young (22528K), 0 survivors (0K)
 Metaspace       used 7286K, committed 7424K, reserved 1064960K
  class space    used 451K, committed 512K, reserved 1048576K
}
Event: 2.001 GC heap after
{Heap after GC invocations=1 (full 0):
 garbage-first heap   total 251904K, used 2630K [0x000000070a000000, 0x0000000800000000)
  region size 2048K, 2 young (4096K), 2 survivors (4096K)
 Metaspace       used 7286K, committed 7424K, reserved 1064960K
  class space    used 451K, committed 512K, reserved 1048576K
}
Event: 3.735 GC heap before
{Heap before GC invocations=1 (full 0):
 garbage-first heap   total 251904K, used 41542K [0x000000070a000000, 0x0000000800000000)
  region size 2048K, 17 young (34816K), 2 survivors (4096K)
 Metaspace       used 9562K, committed 9728K, reserved 1064960K
  class space    used 672K, committed 704K, reserved 1048576K
}
Event: 3.743 GC heap after
{Heap after GC invocations=2 (full 0):
 garbage-first heap   total 251904K, used 22181K [0x000000070a000000, 0x0000000800000000)
  region size 2048K, 3 young (6144K), 3 survivors (6144K)
 Metaspace       used 9562K, committed 9728K, reserved 1064960K
  class space    used 672K, committed 704K, reserved 1048576K
}
Event: 4.297 GC heap before
{Heap before GC invocations=2 (full 0):
 garbage-first heap   total 251904K, used 28325K [0x000000070a000000, 0x0000000800000000)
  region size 2048K, 6 young (12288K), 3 survivors (6144K)
 Metaspace       used 9774K, committed 9856K, reserved 1064960K
  class space    used 678K, committed 704K, reserved 1048576K
}
Event: 4.301 GC heap after
{Heap after GC invocations=3 (full 0):
 garbage-first heap   total 251904K, used 24044K [0x000000070a000000, 0x0000000800000000)
  region size 2048K, 1 young (2048K), 1 survivors (2048K)
 Metaspace       used 9774K, committed 9856K, reserved 1064960K
  class space    used 678K, committed 704K, reserved 1048576K
}

