# JRE version: OpenJDK Runtime Environment Temurin-17.0.1+12 (17.0.1+12) (build 17.0.1+12)
# Java VM: OpenJDK 64-Bit Server VM Temurin-17.0.1+12 (17.0.1+12, mixed mode, sharing, tiered, compressed oops, compressed class ptrs, g1 gc, windows-amd64)
GC Precious Log:
 CPUs: 16 total, 16 available
 Memory: 15741M
 Large Page Support: Disabled
 NUMA Support: Disabled
 Compressed Oops: Enabled (Zero based)
 Heap Region Size: 2M
 Heap Min Capacity: 8M
 Heap Initial Capacity: 246M
 Heap Max Capacity: 3936M
 Pre-touch: Disabled
 Parallel Workers: 13
 Concurrent Workers: 3
 Concurrent Refinement Workers: 13
 Periodic GC: Disabled
Heap:
 garbage-first heap   total 251904K, used 76348K [0x000000070a000000, 0x0000000800000000)
  region size 2048K, 21 young (43008K), 1 survivors (2048K)
 Metaspace       used 10343K, committed 10432K, reserved 1064960K
  class space    used 729K, committed 768K, reserved 1048576K
GC Heap History (6 events):
Event: 2.009 GC heap before
{Heap before GC invocations=0 (full 0):
 garbage-first heap   total 251904K, used 22528K [0x000000070a000000, 0x0000000800000000)
  region size 2048K, 11 young (22528K), 0 survivors (0K)
 Metaspace       used 7137K, committed 7296K, reserved 1064960K
  class space    used 433K, committed 512K, reserved 1048576K
}
Event: 2.011 GC heap after
{Heap after GC invocations=1 (full 0):
 garbage-first heap   total 251904K, used 2630K [0x000000070a000000, 0x0000000800000000)
  region size 2048K, 2 young (4096K), 2 survivors (4096K)
 Metaspace       used 7137K, committed 7296K, reserved 1064960K
  class space    used 433K, committed 512K, reserved 1048576K
}
Event: 4.581 GC heap before
{Heap before GC invocations=1 (full 0):
 garbage-first heap   total 251904K, used 51782K [0x000000070a000000, 0x0000000800000000)
  region size 2048K, 20 young (40960K), 2 survivors (4096K)
 Metaspace       used 10153K, committed 10304K, reserved 1064960K
  class space    used 725K, committed 768K, reserved 1048576K
}
Event: 4.590 GC heap after
{Heap after GC invocations=2 (full 0):
 garbage-first heap   total 251904K, used 28864K [0x000000070a000000, 0x0000000800000000)
  region size 2048K, 3 young (6144K), 3 survivors (6144K)
 Metaspace       used 10153K, committed 10304K, reserved 1064960K
  class space    used 725K, committed 768K, reserved 1048576K
}
Event: 5.066 GC heap before
{Heap before GC invocations=2 (full 0):
 garbage-first heap   total 251904K, used 35008K [0x000000070a000000, 0x0000000800000000)
  region size 2048K, 6 young (12288K), 3 survivors (6144K)
 Metaspace       used 10197K, committed 10304K, reserved 1064960K
  class space    used 727K, committed 768K, reserved 1048576K
}
Event: 5.071 GC heap after
{Heap after GC invocations=3 (full 0):
 garbage-first heap   total 251904K, used 31292K [0x000000070a000000, 0x0000000800000000)
  region size 2048K, 1 young (2048K), 1 survivors (2048K)
 Metaspace       used 10197K, committed 10304K, reserved 1064960K
  class space    used 727K, committed 768K, reserved 1048576K
}

