# JRE version: OpenJDK Runtime Environment Temurin-11.0.13+8 (11.0.13+8) (build 11.0.13+8)
# Java VM: OpenJDK 64-Bit Server VM Temurin-11.0.13+8 (11.0.13+8, mixed mode, tiered, compressed oops, g1 gc, windows-amd64)
Heap:
 garbage-first heap   total 253952K, used 125336K [0x0000000709800000, 0x0000000800000000)
  region size 1024K, 107 young (109568K), 6 survivors (6144K)
 Metaspace       used 24711K, capacity 25064K, committed 25264K, reserved 1073152K
  class space    used 2143K, capacity 2259K, committed 2304K, reserved 1048576K
GC Heap History (8 events):
Event: 1.398 GC heap before
{Heap before GC invocations=0 (full 0):
 garbage-first heap   total 253952K, used 23552K [0x0000000709800000, 0x0000000800000000)
  region size 1024K, 24 young (24576K), 0 survivors (0K)
 Metaspace       used 12224K, capacity 12413K, committed 12800K, reserved 1060864K
  class space    used 867K, capacity 924K, committed 1024K, reserved 1048576K
}
Event: 1.402 GC heap after
{Heap after GC invocations=1 (full 0):
 garbage-first heap   total 253952K, used 2506K [0x0000000709800000, 0x0000000800000000)
  region size 1024K, 3 young (3072K), 3 survivors (3072K)
 Metaspace       used 12224K, capacity 12413K, committed 12800K, reserved 1060864K
  class space    used 867K, capacity 924K, committed 1024K, reserved 1048576K
}
Event: 5.966 GC heap before
{Heap before GC invocations=1 (full 0):
 garbage-first heap   total 253952K, used 30154K [0x0000000709800000, 0x0000000800000000)
  region size 1024K, 29 young (29696K), 3 survivors (3072K)
 Metaspace       used 21020K, capacity 21163K, committed 21296K, reserved 1069056K
  class space    used 1796K, capacity 1858K, committed 1920K, reserved 1048576K
}
Event: 5.975 GC heap after
{Heap after GC invocations=2 (full 0):
 garbage-first heap   total 253952K, used 5584K [0x0000000709800000, 0x0000000800000000)
  region size 1024K, 6 young (6144K), 6 survivors (6144K)
 Metaspace       used 21020K, capacity 21163K, committed 21296K, reserved 1069056K
  class space    used 1796K, capacity 1858K, committed 1920K, reserved 1048576K
}
Event: 7.151 GC heap before
{Heap before GC invocations=3 (full 0):
 garbage-first heap   total 253952K, used 55760K [0x0000000709800000, 0x0000000800000000)
  region size 1024K, 51 young (52224K), 6 survivors (6144K)
 Metaspace       used 23422K, capacity 23737K, committed 23856K, reserved 1071104K
  class space    used 2048K, capacity 2159K, committed 2176K, reserved 1048576K
}
Event: 7.161 GC heap after
{Heap after GC invocations=4 (full 0):
 garbage-first heap   total 253952K, used 13411K [0x0000000709800000, 0x0000000800000000)
  region size 1024K, 7 young (7168K), 7 survivors (7168K)
 Metaspace       used 23422K, capacity 23737K, committed 23856K, reserved 1071104K
  class space    used 2048K, capacity 2159K, committed 2176K, reserved 1048576K
}
Event: 11.034 GC heap before
{Heap before GC invocations=4 (full 0):
 garbage-first heap   total 253952K, used 86115K [0x0000000709800000, 0x0000000800000000)
  region size 1024K, 78 young (79872K), 7 survivors (7168K)
 Metaspace       used 24070K, capacity 24412K, committed 24752K, reserved 1071104K
  class space    used 2082K, capacity 2191K, committed 2304K, reserved 1048576K
}
Event: 11.041 GC heap after
{Heap after GC invocations=5 (full 0):
 garbage-first heap   total 253952K, used 15768K [0x0000000709800000, 0x0000000800000000)
  region size 1024K, 6 young (6144K), 6 survivors (6144K)
 Metaspace       used 24070K, capacity 24412K, committed 24752K, reserved 1071104K
  class space    used 2082K, capacity 2191K, committed 2304K, reserved 1048576K
}

