# JRE version: OpenJDK Runtime Environment Temurin-11.0.13+8 (11.0.13+8) (build 11.0.13+8)
# Java VM: OpenJDK 64-Bit Server VM Temurin-11.0.13+8 (11.0.13+8, mixed mode, tiered, compressed oops, g1 gc, windows-amd64)
Heap:
 garbage-first heap   total 253952K, used 132176K [0x0000000709800000, 0x0000000800000000)
  region size 1024K, 49 young (50176K), 19 survivors (19456K)
 Metaspace       used 22915K, capacity 23410K, committed 23680K, reserved 1071104K
  class space    used 1978K, capacity 2176K, committed 2176K, reserved 1048576K
GC Heap History (18 events):
Event: 2.921 GC heap before
{Heap before GC invocations=0 (full 0):
 garbage-first heap   total 253952K, used 25600K [0x0000000709800000, 0x0000000800000000)
  region size 1024K, 24 young (24576K), 0 survivors (0K)
 Metaspace       used 16792K, capacity 17264K, committed 17536K, reserved 1064960K
  class space    used 1671K, capacity 1852K, committed 1920K, reserved 1048576K
}
Event: 2.930 GC heap after
{Heap after GC invocations=1 (full 0):
 garbage-first heap   total 253952K, used 4264K [0x0000000709800000, 0x0000000800000000)
  region size 1024K, 3 young (3072K), 3 survivors (3072K)
 Metaspace       used 16792K, capacity 17264K, committed 17536K, reserved 1064960K
  class space    used 1671K, capacity 1852K, committed 1920K, reserved 1048576K
}
Event: 3.731 GC heap before
{Heap before GC invocations=1 (full 0):
 garbage-first heap   total 253952K, used 21672K [0x0000000709800000, 0x0000000800000000)
  region size 1024K, 17 young (17408K), 3 survivors (3072K)
 Metaspace       used 20641K, capacity 21099K, committed 21248K, reserved 1069056K
  class space    used 1859K, capacity 2047K, committed 2048K, reserved 1048576K
}
Event: 3.736 GC heap after
{Heap after GC invocations=2 (full 0):
 garbage-first heap   total 253952K, used 9120K [0x0000000709800000, 0x0000000800000000)
  region size 1024K, 4 young (4096K), 4 survivors (4096K)
 Metaspace       used 20641K, capacity 21099K, committed 21248K, reserved 1069056K
  class space    used 1859K, capacity 2047K, committed 2048K, reserved 1048576K
}
Event: 4.012 GC heap before
{Heap before GC invocations=3 (full 0):
 garbage-first heap   total 253952K, used 55200K [0x0000000709800000, 0x0000000800000000)
  region size 1024K, 49 young (50176K), 4 survivors (4096K)
 Metaspace       used 21781K, capacity 22286K, committed 22400K, reserved 1069056K
  class space    used 1932K, capacity 2144K, committed 2176K, reserved 1048576K
}
Event: 4.020 GC heap after
{Heap after GC invocations=4 (full 0):
 garbage-first heap   total 253952K, used 12425K [0x0000000709800000, 0x0000000800000000)
  region size 1024K, 4 young (4096K), 4 survivors (4096K)
 Metaspace       used 21781K, capacity 22286K, committed 22400K, reserved 1069056K
  class space    used 1932K, capacity 2144K, committed 2176K, reserved 1048576K
}
Event: 4.121 GC heap before
{Heap before GC invocations=4 (full 0):
 garbage-first heap   total 253952K, used 81033K [0x0000000709800000, 0x0000000800000000)
  region size 1024K, 71 young (72704K), 4 survivors (4096K)
 Metaspace       used 21794K, capacity 22286K, committed 22400K, reserved 1069056K
  class space    used 1933K, capacity 2144K, committed 2176K, reserved 1048576K
}
Event: 4.127 GC heap after
{Heap after GC invocations=5 (full 0):
 garbage-first heap   total 253952K, used 17238K [0x0000000709800000, 0x0000000800000000)
  region size 1024K, 9 young (9216K), 9 survivors (9216K)
 Metaspace       used 21794K, capacity 22286K, committed 22400K, reserved 1069056K
  class space    used 1933K, capacity 2144K, committed 2176K, reserved 1048576K
}
Event: 4.260 GC heap before
{Heap before GC invocations=5 (full 0):
 garbage-first heap   total 253952K, used 115542K [0x0000000709800000, 0x0000000800000000)
  region size 1024K, 105 young (107520K), 9 survivors (9216K)
 Metaspace       used 21794K, capacity 22286K, committed 22400K, reserved 1069056K
  class space    used 1933K, capacity 2144K, committed 2176K, reserved 1048576K
}
Event: 4.272 GC heap after
{Heap after GC invocations=6 (full 0):
 garbage-first heap   total 253952K, used 24378K [0x0000000709800000, 0x0000000800000000)
  region size 1024K, 12 young (12288K), 12 survivors (12288K)
 Metaspace       used 21794K, capacity 22286K, committed 22400K, reserved 1069056K
  class space    used 1933K, capacity 2144K, committed 2176K, reserved 1048576K
}
Event: 5.941 GC heap before
{Heap before GC invocations=6 (full 0):
 garbage-first heap   total 253952K, used 155450K [0x0000000709800000, 0x0000000800000000)
  region size 1024K, 136 young (139264K), 12 survivors (12288K)
 Metaspace       used 22377K, capacity 22830K, committed 22912K, reserved 1071104K
  class space    used 1976K, capacity 2176K, committed 2176K, reserved 1048576K
}
Event: 5.958 GC heap after
{Heap after GC invocations=7 (full 0):
 garbage-first heap   total 253952K, used 38544K [0x0000000709800000, 0x0000000800000000)
  region size 1024K, 17 young (17408K), 17 survivors (17408K)
 Metaspace       used 22377K, capacity 22830K, committed 22912K, reserved 1071104K
  class space    used 1976K, capacity 2176K, committed 2176K, reserved 1048576K
}
Event: 11.970 GC heap before
{Heap before GC invocations=7 (full 0):
 garbage-first heap   total 253952K, used 184976K [0x0000000709800000, 0x0000000800000000)
  region size 1024K, 148 young (151552K), 17 survivors (17408K)
 Metaspace       used 22713K, capacity 23217K, committed 23424K, reserved 1071104K
  class space    used 1978K, capacity 2176K, committed 2176K, reserved 1048576K
}
Event: 11.985 GC heap after
{Heap after GC invocations=8 (full 0):
 garbage-first heap   total 253952K, used 59439K [0x0000000709800000, 0x0000000800000000)
  region size 1024K, 9 young (9216K), 9 survivors (9216K)
 Metaspace       used 22713K, capacity 23217K, committed 23424K, reserved 1071104K
  class space    used 1978K, capacity 2176K, committed 2176K, reserved 1048576K
}
Event: 12.142 GC heap before
{Heap before GC invocations=8 (full 0):
 garbage-first heap   total 253952K, used 192559K [0x0000000709800000, 0x0000000800000000)
  region size 1024K, 139 young (142336K), 9 survivors (9216K)
 Metaspace       used 22713K, capacity 23217K, committed 23424K, reserved 1071104K
  class space    used 1978K, capacity 2176K, committed 2176K, reserved 1048576K
}
Event: 12.151 GC heap after
{Heap after GC invocations=9 (full 0):
 garbage-first heap   total 253952K, used 68066K [0x0000000709800000, 0x0000000800000000)
  region size 1024K, 17 young (17408K), 17 survivors (17408K)
 Metaspace       used 22713K, capacity 23217K, committed 23424K, reserved 1071104K
  class space    used 1978K, capacity 2176K, committed 2176K, reserved 1048576K
}
Event: 18.285 GC heap before
{Heap before GC invocations=9 (full 0):
 garbage-first heap   total 253952K, used 203234K [0x0000000709800000, 0x0000000800000000)
  region size 1024K, 145 young (148480K), 17 survivors (17408K)
 Metaspace       used 22818K, capacity 23281K, committed 23424K, reserved 1071104K
  class space    used 1978K, capacity 2176K, committed 2176K, reserved 1048576K
}
Event: 18.310 GC heap after
{Heap after GC invocations=10 (full 0):
 garbage-first heap   total 253952K, used 82000K [0x0000000709800000, 0x0000000800000000)
  region size 1024K, 19 young (19456K), 19 survivors (19456K)
 Metaspace       used 22818K, capacity 23281K, committed 23424K, reserved 1071104K
  class space    used 1978K, capacity 2176K, committed 2176K, reserved 1048576K
}

