# JRE version: OpenJDK Runtime Environment Temurin-11.0.13+8 (11.0.13+8) (build 11.0.13+8)
# Java VM: OpenJDK 64-Bit Server VM Temurin-11.0.13+8 (11.0.13+8, mixed mode, tiered, compressed oops, g1 gc, windows-amd64)
Heap:
 garbage-first heap   total 253952K, used 72862K [0x0000000709800000, 0x0000000800000000)
  region size 1024K, 16 young (16384K), 12 survivors (12288K)
 Metaspace       used 25156K, capacity 25471K, committed 25776K, reserved 1073152K
  class space    used 2136K, capacity 2224K, committed 2304K, reserved 1048576K
GC Heap History (20 events):
Event: 170.477 GC heap before
{Heap before GC invocations=20 (full 0):
 garbage-first heap   total 253952K, used 183776K [0x0000000709800000, 0x0000000800000000)
  region size 1024K, 148 young (151552K), 12 survivors (12288K)
 Metaspace       used 24684K, capacity 24947K, committed 25136K, reserved 1073152K
  class space    used 2080K, capacity 2156K, committed 2176K, reserved 1048576K
}
Event: 170.488 GC heap after
{Heap after GC invocations=21 (full 0):
 garbage-first heap   total 253952K, used 46423K [0x0000000709800000, 0x0000000800000000)
  region size 1024K, 12 young (12288K), 12 survivors (12288K)
 Metaspace       used 24684K, capacity 24947K, committed 25136K, reserved 1073152K
  class space    used 2080K, capacity 2156K, committed 2176K, reserved 1048576K
}
Event: 180.623 GC heap before
{Heap before GC invocations=21 (full 0):
 garbage-first heap   total 253952K, used 185687K [0x0000000709800000, 0x0000000800000000)
  region size 1024K, 148 young (151552K), 12 survivors (12288K)
 Metaspace       used 24690K, capacity 24947K, committed 25136K, reserved 1073152K
  class space    used 2080K, capacity 2156K, committed 2176K, reserved 1048576K
}
Event: 180.637 GC heap after
{Heap after GC invocations=22 (full 0):
 garbage-first heap   total 253952K, used 48265K [0x0000000709800000, 0x0000000800000000)
  region size 1024K, 11 young (11264K), 11 survivors (11264K)
 Metaspace       used 24690K, capacity 24947K, committed 25136K, reserved 1073152K
  class space    used 2080K, capacity 2156K, committed 2176K, reserved 1048576K
}
Event: 190.226 GC heap before
{Heap before GC invocations=22 (full 0):
 garbage-first heap   total 253952K, used 188553K [0x0000000709800000, 0x0000000800000000)
  region size 1024K, 148 young (151552K), 11 survivors (11264K)
 Metaspace       used 24697K, capacity 24947K, committed 25136K, reserved 1073152K
  class space    used 2080K, capacity 2156K, committed 2176K, reserved 1048576K
}
Event: 190.233 GC heap after
{Heap after GC invocations=23 (full 0):
 garbage-first heap   total 253952K, used 50102K [0x0000000709800000, 0x0000000800000000)
  region size 1024K, 11 young (11264K), 11 survivors (11264K)
 Metaspace       used 24697K, capacity 24947K, committed 25136K, reserved 1073152K
  class space    used 2080K, capacity 2156K, committed 2176K, reserved 1048576K
}
Event: 198.172 GC heap before
{Heap before GC invocations=23 (full 0):
 garbage-first heap   total 253952K, used 190390K [0x0000000709800000, 0x0000000800000000)
  region size 1024K, 148 young (151552K), 11 survivors (11264K)
 Metaspace       used 24697K, capacity 24947K, committed 25136K, reserved 1073152K
  class space    used 2080K, capacity 2156K, committed 2176K, reserved 1048576K
}
Event: 198.179 GC heap after
{Heap after GC invocations=24 (full 0):
 garbage-first heap   total 253952K, used 52645K [0x0000000709800000, 0x0000000800000000)
  region size 1024K, 12 young (12288K), 12 survivors (12288K)
 Metaspace       used 24697K, capacity 24947K, committed 25136K, reserved 1073152K
  class space    used 2080K, capacity 2156K, committed 2176K, reserved 1048576K
}
Event: 206.221 GC heap before
{Heap before GC invocations=24 (full 0):
 garbage-first heap   total 253952K, used 192933K [0x0000000709800000, 0x0000000800000000)
  region size 1024K, 148 young (151552K), 12 survivors (12288K)
 Metaspace       used 24698K, capacity 24947K, committed 25136K, reserved 1073152K
  class space    used 2080K, capacity 2156K, committed 2176K, reserved 1048576K
}
Event: 206.244 GC heap after
{Heap after GC invocations=25 (full 0):
 garbage-first heap   total 253952K, used 55636K [0x0000000709800000, 0x0000000800000000)
  region size 1024K, 12 young (12288K), 12 survivors (12288K)
 Metaspace       used 24698K, capacity 24947K, committed 25136K, reserved 1073152K
  class space    used 2080K, capacity 2156K, committed 2176K, reserved 1048576K
}
Event: 213.846 GC heap before
{Heap before GC invocations=25 (full 0):
 garbage-first heap   total 253952K, used 194900K [0x0000000709800000, 0x0000000800000000)
  region size 1024K, 148 young (151552K), 12 survivors (12288K)
 Metaspace       used 24698K, capacity 24947K, committed 25136K, reserved 1073152K
  class space    used 2080K, capacity 2156K, committed 2176K, reserved 1048576K
}
Event: 213.861 GC heap after
{Heap after GC invocations=26 (full 0):
 garbage-first heap   total 253952K, used 57072K [0x0000000709800000, 0x0000000800000000)
  region size 1024K, 11 young (11264K), 11 survivors (11264K)
 Metaspace       used 24698K, capacity 24947K, committed 25136K, reserved 1073152K
  class space    used 2080K, capacity 2156K, committed 2176K, reserved 1048576K
}
Event: 221.889 GC heap before
{Heap before GC invocations=26 (full 0):
 garbage-first heap   total 253952K, used 197360K [0x0000000709800000, 0x0000000800000000)
  region size 1024K, 148 young (151552K), 11 survivors (11264K)
 Metaspace       used 24698K, capacity 24947K, committed 25136K, reserved 1073152K
  class space    used 2080K, capacity 2156K, committed 2176K, reserved 1048576K
}
Event: 221.909 GC heap after
{Heap after GC invocations=27 (full 0):
 garbage-first heap   total 253952K, used 58984K [0x0000000709800000, 0x0000000800000000)
  region size 1024K, 11 young (11264K), 11 survivors (11264K)
 Metaspace       used 24698K, capacity 24947K, committed 25136K, reserved 1073152K
  class space    used 2080K, capacity 2156K, committed 2176K, reserved 1048576K
}
Event: 230.443 GC heap before
{Heap before GC invocations=27 (full 0):
 garbage-first heap   total 253952K, used 198248K [0x0000000709800000, 0x0000000800000000)
  region size 1024K, 148 young (151552K), 11 survivors (11264K)
 Metaspace       used 24698K, capacity 24947K, committed 25136K, reserved 1073152K
  class space    used 2080K, capacity 2156K, committed 2176K, reserved 1048576K
}
Event: 230.457 GC heap after
{Heap after GC invocations=28 (full 0):
 garbage-first heap   total 253952K, used 61659K [0x0000000709800000, 0x0000000800000000)
  region size 1024K, 12 young (12288K), 12 survivors (12288K)
 Metaspace       used 24698K, capacity 24947K, committed 25136K, reserved 1073152K
  class space    used 2080K, capacity 2156K, committed 2176K, reserved 1048576K
}
Event: 309.628 GC heap before
{Heap before GC invocations=28 (full 0):
 garbage-first heap   total 253952K, used 205019K [0x0000000709800000, 0x0000000800000000)
  region size 1024K, 148 young (151552K), 12 survivors (12288K)
 Metaspace       used 25141K, capacity 25471K, committed 25776K, reserved 1073152K
  class space    used 2135K, capacity 2224K, committed 2304K, reserved 1048576K
}
Event: 309.645 GC heap after
{Heap after GC invocations=29 (full 0):
 garbage-first heap   total 253952K, used 67789K [0x0000000709800000, 0x0000000800000000)
  region size 1024K, 12 young (12288K), 12 survivors (12288K)
 Metaspace       used 25141K, capacity 25471K, committed 25776K, reserved 1073152K
  class space    used 2135K, capacity 2224K, committed 2304K, reserved 1048576K
}
Event: 392.798 GC heap before
{Heap before GC invocations=29 (full 0):
 garbage-first heap   total 253952K, used 207053K [0x0000000709800000, 0x0000000800000000)
  region size 1024K, 148 young (151552K), 12 survivors (12288K)
 Metaspace       used 25143K, capacity 25471K, committed 25776K, reserved 1073152K
  class space    used 2135K, capacity 2224K, committed 2304K, reserved 1048576K
}
Event: 392.808 GC heap after
{Heap after GC invocations=30 (full 0):
 garbage-first heap   total 253952K, used 69790K [0x0000000709800000, 0x0000000800000000)
  region size 1024K, 12 young (12288K), 12 survivors (12288K)
 Metaspace       used 25143K, capacity 25471K, committed 25776K, reserved 1073152K
  class space    used 2135K, capacity 2224K, committed 2304K, reserved 1048576K
}

