# JRE version: OpenJDK Runtime Environment Temurin-17.0.1+12 (17.0.1+12) (build 17.0.1+12)
# Java VM: OpenJDK 64-Bit Server VM Temurin-17.0.1+12 (17.0.1+12, mixed mode, sharing, tiered, compressed oops, compressed class ptrs, g1 gc, windows-amd64)
GC Precious Log:
 CPUs: 16 total, 16 available
 Memory: 15741M
 Large Page Support: Disabled
 NUMA Support: Disabled
 Compressed Oops: Enabled (Zero based)
 Heap Region Size: 2M
 Heap Min Capacity: 8M
 Heap Initial Capacity: 246M
 Heap Max Capacity: 3936M
 Pre-touch: Disabled
 Parallel Workers: 13
 Concurrent Workers: 3
 Concurrent Refinement Workers: 13
 Periodic GC: Disabled
Heap:
 garbage-first heap   total 251904K, used 93175K [0x000000070a000000, 0x0000000800000000)
  region size 2048K, 42 young (86016K), 6 survivors (12288K)
 Metaspace       used 16714K, committed 16960K, reserved 1064960K
  class space    used 1434K, committed 1536K, reserved 1048576K
GC Heap History (6 events):
Event: 1.691 GC heap before
{Heap before GC invocations=0 (full 0):
 garbage-first heap   total 251904K, used 20480K [0x000000070a000000, 0x0000000800000000)
  region size 2048K, 11 young (22528K), 0 survivors (0K)
 Metaspace       used 11055K, committed 11264K, reserved 1064960K
  class space    used 1005K, committed 1088K, reserved 1048576K
}
Event: 1.695 GC heap after
{Heap after GC invocations=1 (full 0):
 garbage-first heap   total 251904K, used 4591K [0x000000070a000000, 0x0000000800000000)
  region size 2048K, 2 young (4096K), 2 survivors (4096K)
 Metaspace       used 11055K, committed 11264K, reserved 1064960K
  class space    used 1005K, committed 1088K, reserved 1048576K
}
Event: 1.929 GC heap before
{Heap before GC invocations=1 (full 0):
 garbage-first heap   total 251904K, used 35311K [0x000000070a000000, 0x0000000800000000)
  region size 2048K, 15 young (30720K), 2 survivors (4096K)
 Metaspace       used 13815K, committed 14016K, reserved 1064960K
  class space    used 1184K, committed 1280K, reserved 1048576K
}
Event: 1.932 GC heap after
{Heap after GC invocations=2 (full 0):
 garbage-first heap   total 251904K, used 10357K [0x000000070a000000, 0x0000000800000000)
  region size 2048K, 1 young (2048K), 1 survivors (2048K)
 Metaspace       used 13815K, committed 14016K, reserved 1064960K
  class space    used 1184K, committed 1280K, reserved 1048576K
}
Event: 3.823 GC heap before
{Heap before GC invocations=2 (full 0):
 garbage-first heap   total 251904K, used 157813K [0x000000070a000000, 0x0000000800000000)
  region size 2048K, 73 young (149504K), 1 survivors (2048K)
 Metaspace       used 14474K, committed 14656K, reserved 1064960K
  class space    used 1226K, committed 1344K, reserved 1048576K
}
Event: 3.828 GC heap after
{Heap after GC invocations=3 (full 0):
 garbage-first heap   total 251904K, used 19447K [0x000000070a000000, 0x0000000800000000)
  region size 2048K, 6 young (12288K), 6 survivors (12288K)
 Metaspace       used 14474K, committed 14656K, reserved 1064960K
  class space    used 1226K, committed 1344K, reserved 1048576K
}

