# JRE version: OpenJDK Runtime Environment Temurin-17.0.1+12 (17.0.1+12) (build 17.0.1+12)
# Java VM: OpenJDK 64-Bit Server VM Temurin-17.0.1+12 (17.0.1+12, mixed mode, sharing, tiered, compressed oops, compressed class ptrs, g1 gc, windows-amd64)
GC Precious Log:
 CPUs: 16 total, 16 available
 Memory: 15741M
 Large Page Support: Disabled
 NUMA Support: Disabled
 Compressed Oops: Enabled (Zero based)
 Heap Region Size: 2M
 Heap Min Capacity: 8M
 Heap Initial Capacity: 246M
 Heap Max Capacity: 3936M
 Pre-touch: Disabled
 Parallel Workers: 13
 Concurrent Workers: 3
 Concurrent Refinement Workers: 13
 Periodic GC: Disabled
Heap:
 garbage-first heap   total 251904K, used 140702K [0x000000070a000000, 0x0000000800000000)
  region size 2048K, 53 young (108544K), 2 survivors (4096K)
 Metaspace       used 10460K, committed 10624K, reserved 1064960K
  class space    used 741K, committed 832K, reserved 1048576K
GC Heap History (8 events):
Event: 2.910 GC heap before
{Heap before GC invocations=0 (full 0):
 garbage-first heap   total 251904K, used 22528K [0x000000070a000000, 0x0000000800000000)
  region size 2048K, 11 young (22528K), 0 survivors (0K)
 Metaspace       used 7305K, committed 7424K, reserved 1064960K
  class space    used 455K, committed 512K, reserved 1048576K
}
Event: 2.917 GC heap after
{Heap after GC invocations=1 (full 0):
 garbage-first heap   total 251904K, used 2547K [0x000000070a000000, 0x0000000800000000)
  region size 2048K, 2 young (4096K), 2 survivors (4096K)
 Metaspace       used 7305K, committed 7424K, reserved 1064960K
  class space    used 455K, committed 512K, reserved 1048576K
}
Event: 8.746 GC heap before
{Heap before GC invocations=1 (full 0):
 garbage-first heap   total 251904K, used 43507K [0x000000070a000000, 0x0000000800000000)
  region size 2048K, 18 young (36864K), 2 survivors (4096K)
 Metaspace       used 9876K, committed 9984K, reserved 1064960K
  class space    used 689K, committed 768K, reserved 1048576K
}
Event: 8.762 GC heap after
{Heap after GC invocations=2 (full 0):
 garbage-first heap   total 251904K, used 22026K [0x000000070a000000, 0x0000000800000000)
  region size 2048K, 3 young (6144K), 3 survivors (6144K)
 Metaspace       used 9876K, committed 9984K, reserved 1064960K
  class space    used 689K, committed 768K, reserved 1048576K
}
Event: 9.523 GC heap before
{Heap before GC invocations=2 (full 0):
 garbage-first heap   total 251904K, used 28170K [0x000000070a000000, 0x0000000800000000)
  region size 2048K, 6 young (12288K), 3 survivors (6144K)
 Metaspace       used 9938K, committed 10112K, reserved 1064960K
  class space    used 689K, committed 768K, reserved 1048576K
}
Event: 9.529 GC heap after
{Heap after GC invocations=3 (full 0):
 garbage-first heap   total 251904K, used 23473K [0x000000070a000000, 0x0000000800000000)
  region size 2048K, 1 young (2048K), 1 survivors (2048K)
 Metaspace       used 9938K, committed 10112K, reserved 1064960K
  class space    used 689K, committed 768K, reserved 1048576K
}
Event: 33.521 GC heap before
{Heap before GC invocations=3 (full 0):
 garbage-first heap   total 251904K, used 177073K [0x000000070a000000, 0x0000000800000000)
  region size 2048K, 73 young (149504K), 1 survivors (2048K)
 Metaspace       used 10445K, committed 10624K, reserved 1064960K
  class space    used 739K, committed 832K, reserved 1048576K
}
Event: 33.528 GC heap after
{Heap after GC invocations=4 (full 0):
 garbage-first heap   total 251904K, used 32158K [0x000000070a000000, 0x0000000800000000)
  region size 2048K, 2 young (4096K), 2 survivors (4096K)
 Metaspace       used 10445K, committed 10624K, reserved 1064960K
  class space    used 739K, committed 832K, reserved 1048576K
}

