# JRE version: OpenJDK Runtime Environment Temurin-17.0.1+12 (17.0.1+12) (build 17.0.1+12)
# Java VM: OpenJDK 64-Bit Server VM Temurin-17.0.1+12 (17.0.1+12, mixed mode, sharing, tiered, compressed oops, compressed class ptrs, g1 gc, windows-amd64)
GC Precious Log:
 CPUs: 16 total, 16 available
 Memory: 15741M
 Large Page Support: Disabled
 NUMA Support: Disabled
 Compressed Oops: Enabled (Zero based)
 Heap Region Size: 2M
 Heap Min Capacity: 8M
 Heap Initial Capacity: 246M
 Heap Max Capacity: 3936M
 Pre-touch: Disabled
 Parallel Workers: 13
 Concurrent Workers: 3
 Concurrent Refinement Workers: 13
 Periodic GC: Disabled
Heap:
 garbage-first heap   total 251904K, used 55559K [0x000000070a000000, 0x0000000800000000)
  region size 2048K, 11 young (22528K), 1 survivors (2048K)
 Metaspace       used 10268K, committed 10368K, reserved 1064960K
  class space    used 729K, committed 768K, reserved 1048576K
GC Heap History (6 events):
Event: 1.242 GC heap before
{Heap before GC invocations=0 (full 0):
 garbage-first heap   total 251904K, used 22528K [0x000000070a000000, 0x0000000800000000)
  region size 2048K, 11 young (22528K), 0 survivors (0K)
 Metaspace       used 7055K, committed 7232K, reserved 1064960K
  class space    used 427K, committed 512K, reserved 1048576K
}
Event: 1.244 GC heap after
{Heap after GC invocations=1 (full 0):
 garbage-first heap   total 251904K, used 2547K [0x000000070a000000, 0x0000000800000000)
  region size 2048K, 2 young (4096K), 2 survivors (4096K)
 Metaspace       used 7055K, committed 7232K, reserved 1064960K
  class space    used 427K, committed 512K, reserved 1048576K
}
Event: 5.402 GC heap before
{Heap before GC invocations=1 (full 0):
 garbage-first heap   total 251904K, used 51699K [0x000000070a000000, 0x0000000800000000)
  region size 2048K, 20 young (40960K), 2 survivors (4096K)
 Metaspace       used 10108K, committed 10240K, reserved 1064960K
  class space    used 726K, committed 768K, reserved 1048576K
}
Event: 5.417 GC heap after
{Heap after GC invocations=2 (full 0):
 garbage-first heap   total 251904K, used 28840K [0x000000070a000000, 0x0000000800000000)
  region size 2048K, 3 young (6144K), 3 survivors (6144K)
 Metaspace       used 10108K, committed 10240K, reserved 1064960K
  class space    used 726K, committed 768K, reserved 1048576K
}
Event: 6.136 GC heap before
{Heap before GC invocations=2 (full 0):
 garbage-first heap   total 251904K, used 37032K [0x000000070a000000, 0x0000000800000000)
  region size 2048K, 6 young (12288K), 3 survivors (6144K)
 Metaspace       used 10192K, committed 10304K, reserved 1064960K
  class space    used 728K, committed 768K, reserved 1048576K
}
Event: 6.142 GC heap after
{Heap after GC invocations=3 (full 0):
 garbage-first heap   total 251904K, used 33031K [0x000000070a000000, 0x0000000800000000)
  region size 2048K, 1 young (2048K), 1 survivors (2048K)
 Metaspace       used 10192K, committed 10304K, reserved 1064960K
  class space    used 728K, committed 768K, reserved 1048576K
}

