# JRE version: OpenJDK Runtime Environment Temurin-17.0.1+12 (17.0.1+12) (build 17.0.1+12)
# Java VM: OpenJDK 64-Bit Server VM Temurin-17.0.1+12 (17.0.1+12, mixed mode, sharing, tiered, compressed oops, compressed class ptrs, g1 gc, windows-amd64)
GC Precious Log:
 CPUs: 16 total, 16 available
 Memory: 15741M
 Large Page Support: Disabled
 NUMA Support: Disabled
 Compressed Oops: Enabled (Zero based)
 Heap Region Size: 2M
 Heap Min Capacity: 8M
 Heap Initial Capacity: 246M
 Heap Max Capacity: 3936M
 Pre-touch: Disabled
 Parallel Workers: 13
 Concurrent Workers: 3
 Concurrent Refinement Workers: 13
 Periodic GC: Disabled
Heap:
 garbage-first heap   total 251904K, used 80725K [0x000000070a000000, 0x0000000800000000)
  region size 2048K, 11 young (22528K), 1 survivors (2048K)
 Metaspace       used 10086K, committed 10176K, reserved 1064960K
  class space    used 678K, committed 704K, reserved 1048576K
GC Heap History (12 events):
Event: 1.854 GC heap before
{Heap before GC invocations=0 (full 0):
 garbage-first heap   total 251904K, used 22528K [0x000000070a000000, 0x0000000800000000)
  region size 2048K, 11 young (22528K), 0 survivors (0K)
 Metaspace       used 7144K, committed 7296K, reserved 1064960K
  class space    used 436K, committed 512K, reserved 1048576K
}
Event: 1.859 GC heap after
{Heap after GC invocations=1 (full 0):
 garbage-first heap   total 251904K, used 2547K [0x000000070a000000, 0x0000000800000000)
  region size 2048K, 2 young (4096K), 2 survivors (4096K)
 Metaspace       used 7144K, committed 7296K, reserved 1064960K
  class space    used 436K, committed 512K, reserved 1048576K
}
Event: 5.461 GC heap before
{Heap before GC invocations=1 (full 0):
 garbage-first heap   total 251904K, used 41459K [0x000000070a000000, 0x0000000800000000)
  region size 2048K, 19 young (38912K), 2 survivors (4096K)
 Metaspace       used 9366K, committed 9536K, reserved 1064960K
  class space    used 641K, committed 704K, reserved 1048576K
}
Event: 5.481 GC heap after
{Heap after GC invocations=2 (full 0):
 garbage-first heap   total 251904K, used 22916K [0x000000070a000000, 0x0000000800000000)
  region size 2048K, 3 young (6144K), 3 survivors (6144K)
 Metaspace       used 9366K, committed 9536K, reserved 1064960K
  class space    used 641K, committed 704K, reserved 1048576K
}
Event: 6.336 GC heap before
{Heap before GC invocations=2 (full 0):
 garbage-first heap   total 251904K, used 78212K [0x000000070a000000, 0x0000000800000000)
  region size 2048K, 30 young (61440K), 3 survivors (6144K)
 Metaspace       used 9742K, committed 9856K, reserved 1064960K
  class space    used 676K, committed 704K, reserved 1048576K
}
Event: 6.361 GC heap after
{Heap after GC invocations=3 (full 0):
 garbage-first heap   total 251904K, used 58081K [0x000000070a000000, 0x0000000800000000)
  region size 2048K, 4 young (8192K), 4 survivors (8192K)
 Metaspace       used 9742K, committed 9856K, reserved 1064960K
  class space    used 676K, committed 704K, reserved 1048576K
}
Event: 7.142 GC heap before
{Heap before GC invocations=3 (full 0):
 garbage-first heap   total 251904K, used 62177K [0x000000070a000000, 0x0000000800000000)
  region size 2048K, 6 young (12288K), 4 survivors (8192K)
 Metaspace       used 9806K, committed 9920K, reserved 1064960K
  class space    used 676K, committed 704K, reserved 1048576K
}
Event: 7.162 GC heap after
{Heap after GC invocations=4 (full 0):
 garbage-first heap   total 251904K, used 61572K [0x000000070a000000, 0x0000000800000000)
  region size 2048K, 1 young (2048K), 1 survivors (2048K)
 Metaspace       used 9806K, committed 9920K, reserved 1064960K
  class space    used 676K, committed 704K, reserved 1048576K
}
Event: 13.708 GC heap before
{Heap before GC invocations=4 (full 0):
 garbage-first heap   total 251904K, used 96388K [0x000000070a000000, 0x0000000800000000)
  region size 2048K, 18 young (36864K), 1 survivors (2048K)
 Metaspace       used 9914K, committed 10048K, reserved 1064960K
  class space    used 676K, committed 704K, reserved 1048576K
}
Event: 13.710 GC heap after
{Heap after GC invocations=5 (full 0):
 garbage-first heap   total 251904K, used 61170K [0x000000070a000000, 0x0000000800000000)
  region size 2048K, 1 young (2048K), 1 survivors (2048K)
 Metaspace       used 9914K, committed 10048K, reserved 1064960K
  class space    used 676K, committed 704K, reserved 1048576K
}
Event: 30.223 GC heap before
{Heap before GC invocations=5 (full 0):
 garbage-first heap   total 251904K, used 145138K [0x000000070a000000, 0x0000000800000000)
  region size 2048K, 42 young (86016K), 1 survivors (2048K)
 Metaspace       used 10075K, committed 10176K, reserved 1064960K
  class space    used 677K, committed 704K, reserved 1048576K
}
Event: 30.227 GC heap after
{Heap after GC invocations=6 (full 0):
 garbage-first heap   total 251904K, used 62293K [0x000000070a000000, 0x0000000800000000)
  region size 2048K, 1 young (2048K), 1 survivors (2048K)
 Metaspace       used 10075K, committed 10176K, reserved 1064960K
  class space    used 677K, committed 704K, reserved 1048576K
}

