# JRE version: OpenJDK Runtime Environment Temurin-17.0.1+12 (17.0.1+12) (build 17.0.1+12)
# Java VM: OpenJDK 64-Bit Server VM Temurin-17.0.1+12 (17.0.1+12, mixed mode, sharing, tiered, compressed oops, compressed class ptrs, g1 gc, windows-amd64)
GC Precious Log:
 CPUs: 16 total, 16 available
 Memory: 15741M
 Large Page Support: Disabled
 NUMA Support: Disabled
 Compressed Oops: Enabled (Zero based)
 Heap Region Size: 2M
 Heap Min Capacity: 8M
 Heap Initial Capacity: 246M
 Heap Max Capacity: 3936M
 Pre-touch: Disabled
 Parallel Workers: 13
 Concurrent Workers: 3
 Concurrent Refinement Workers: 13
 Periodic GC: Disabled
Heap:
 garbage-first heap   total 251904K, used 96701K [0x000000070a000000, 0x0000000800000000)
  region size 2048K, 26 young (53248K), 7 survivors (14336K)
 Metaspace       used 10579K, committed 10752K, reserved 1064960K
  class space    used 744K, committed 832K, reserved 1048576K
GC Heap History (18 events):
Event: 2.883 GC heap before
{Heap before GC invocations=0 (full 0):
 garbage-first heap   total 251904K, used 22528K [0x000000070a000000, 0x0000000800000000)
  region size 2048K, 11 young (22528K), 0 survivors (0K)
 Metaspace       used 7242K, committed 7360K, reserved 1064960K
  class space    used 444K, committed 512K, reserved 1048576K
}
Event: 2.889 GC heap after
{Heap after GC invocations=1 (full 0):
 garbage-first heap   total 251904K, used 2547K [0x000000070a000000, 0x0000000800000000)
  region size 2048K, 2 young (4096K), 2 survivors (4096K)
 Metaspace       used 7242K, committed 7360K, reserved 1064960K
  class space    used 444K, committed 512K, reserved 1048576K
}
Event: 8.921 GC heap before
{Heap before GC invocations=1 (full 0):
 garbage-first heap   total 251904K, used 45555K [0x000000070a000000, 0x0000000800000000)
  region size 2048K, 18 young (36864K), 2 survivors (4096K)
 Metaspace       used 9851K, committed 10048K, reserved 1064960K
  class space    used 687K, committed 768K, reserved 1048576K
}
Event: 8.934 GC heap after
{Heap after GC invocations=2 (full 0):
 garbage-first heap   total 251904K, used 21323K [0x000000070a000000, 0x0000000800000000)
  region size 2048K, 3 young (6144K), 3 survivors (6144K)
 Metaspace       used 9851K, committed 10048K, reserved 1064960K
  class space    used 687K, committed 768K, reserved 1048576K
}
Event: 9.805 GC heap before
{Heap before GC invocations=2 (full 0):
 garbage-first heap   total 251904K, used 27467K [0x000000070a000000, 0x0000000800000000)
  region size 2048K, 6 young (12288K), 3 survivors (6144K)
 Metaspace       used 9995K, committed 10112K, reserved 1064960K
  class space    used 692K, committed 768K, reserved 1048576K
}
Event: 9.813 GC heap after
{Heap after GC invocations=3 (full 0):
 garbage-first heap   total 251904K, used 23172K [0x000000070a000000, 0x0000000800000000)
  region size 2048K, 1 young (2048K), 1 survivors (2048K)
 Metaspace       used 9995K, committed 10112K, reserved 1064960K
  class space    used 692K, committed 768K, reserved 1048576K
}
Event: 25.936 GC heap before
{Heap before GC invocations=3 (full 0):
 garbage-first heap   total 251904K, used 148100K [0x000000070a000000, 0x0000000800000000)
  region size 2048K, 56 young (114688K), 1 survivors (2048K)
 Metaspace       used 10554K, committed 10752K, reserved 1064960K
  class space    used 742K, committed 832K, reserved 1048576K
}
Event: 25.945 GC heap after
{Heap after GC invocations=4 (full 0):
 garbage-first heap   total 251904K, used 38271K [0x000000070a000000, 0x0000000800000000)
  region size 2048K, 2 young (4096K), 2 survivors (4096K)
 Metaspace       used 10554K, committed 10752K, reserved 1064960K
  class space    used 742K, committed 832K, reserved 1048576K
}
Event: 50.516 GC heap before
{Heap before GC invocations=4 (full 0):
 garbage-first heap   total 251904K, used 183679K [0x000000070a000000, 0x0000000800000000)
  region size 2048K, 73 young (149504K), 2 survivors (4096K)
 Metaspace       used 10554K, committed 10752K, reserved 1064960K
  class space    used 742K, committed 832K, reserved 1048576K
}
Event: 50.521 GC heap after
{Heap after GC invocations=5 (full 0):
 garbage-first heap   total 251904K, used 41614K [0x000000070a000000, 0x0000000800000000)
  region size 2048K, 4 young (8192K), 4 survivors (8192K)
 Metaspace       used 10554K, committed 10752K, reserved 1064960K
  class space    used 742K, committed 832K, reserved 1048576K
}
Event: 74.542 GC heap before
{Heap before GC invocations=5 (full 0):
 garbage-first heap   total 251904K, used 182926K [0x000000070a000000, 0x0000000800000000)
  region size 2048K, 73 young (149504K), 4 survivors (8192K)
 Metaspace       used 10554K, committed 10752K, reserved 1064960K
  class space    used 742K, committed 832K, reserved 1048576K
}
Event: 74.549 GC heap after
{Heap after GC invocations=6 (full 0):
 garbage-first heap   total 251904K, used 44333K [0x000000070a000000, 0x0000000800000000)
  region size 2048K, 5 young (10240K), 5 survivors (10240K)
 Metaspace       used 10554K, committed 10752K, reserved 1064960K
  class space    used 742K, committed 832K, reserved 1048576K
}
Event: 97.493 GC heap before
{Heap before GC invocations=6 (full 0):
 garbage-first heap   total 251904K, used 183597K [0x000000070a000000, 0x0000000800000000)
  region size 2048K, 73 young (149504K), 5 survivors (10240K)
 Metaspace       used 10554K, committed 10752K, reserved 1064960K
  class space    used 742K, committed 832K, reserved 1048576K
}
Event: 97.504 GC heap after
{Heap after GC invocations=7 (full 0):
 garbage-first heap   total 251904K, used 47198K [0x000000070a000000, 0x0000000800000000)
  region size 2048K, 7 young (14336K), 7 survivors (14336K)
 Metaspace       used 10554K, committed 10752K, reserved 1064960K
  class space    used 742K, committed 832K, reserved 1048576K
}
Event: 120.483 GC heap before
{Heap before GC invocations=7 (full 0):
 garbage-first heap   total 251904K, used 182366K [0x000000070a000000, 0x0000000800000000)
  region size 2048K, 73 young (149504K), 7 survivors (14336K)
 Metaspace       used 10554K, committed 10752K, reserved 1064960K
  class space    used 742K, committed 832K, reserved 1048576K
}
Event: 120.491 GC heap after
{Heap after GC invocations=8 (full 0):
 garbage-first heap   total 251904K, used 50646K [0x000000070a000000, 0x0000000800000000)
  region size 2048K, 7 young (14336K), 7 survivors (14336K)
 Metaspace       used 10554K, committed 10752K, reserved 1064960K
  class space    used 742K, committed 832K, reserved 1048576K
}
Event: 141.493 GC heap before
{Heap before GC invocations=8 (full 0):
 garbage-first heap   total 251904K, used 191958K [0x000000070a000000, 0x0000000800000000)
  region size 2048K, 73 young (149504K), 7 survivors (14336K)
 Metaspace       used 10564K, committed 10752K, reserved 1064960K
  class space    used 742K, committed 832K, reserved 1048576K
}
Event: 141.510 GC heap after
{Heap after GC invocations=9 (full 0):
 garbage-first heap   total 251904K, used 59837K [0x000000070a000000, 0x0000000800000000)
  region size 2048K, 7 young (14336K), 7 survivors (14336K)
 Metaspace       used 10564K, committed 10752K, reserved 1064960K
  class space    used 742K, committed 832K, reserved 1048576K
}

