# JRE version: OpenJDK Runtime Environment Temurin-17.0.1+12 (17.0.1+12) (build 17.0.1+12)
# Java VM: OpenJDK 64-Bit Server VM Temurin-17.0.1+12 (17.0.1+12, mixed mode, sharing, tiered, compressed oops, compressed class ptrs, g1 gc, windows-amd64)
GC Precious Log:
 CPUs: 16 total, 16 available
 Memory: 15741M
 Large Page Support: Disabled
 NUMA Support: Disabled
 Compressed Oops: Enabled (Zero based)
 Heap Region Size: 2M
 Heap Min Capacity: 8M
 Heap Initial Capacity: 246M
 Heap Max Capacity: 3936M
 Pre-touch: Disabled
 Parallel Workers: 13
 Concurrent Workers: 3
 Concurrent Refinement Workers: 13
 Periodic GC: Disabled
Heap:
 garbage-first heap   total 192512K, used 136754K [0x000000070a000000, 0x0000000800000000)
  region size 2048K, 31 young (63488K), 4 survivors (8192K)
 Metaspace       used 10528K, committed 10688K, reserved 1064960K
  class space    used 742K, committed 832K, reserved 1048576K
GC Heap History (20 events):
Event: 2.279 GC heap before
{Heap before GC invocations=0 (full 0):
 garbage-first heap   total 251904K, used 22528K [0x000000070a000000, 0x0000000800000000)
  region size 2048K, 11 young (22528K), 0 survivors (0K)
 Metaspace       used 7330K, committed 7488K, reserved 1064960K
  class space    used 457K, committed 512K, reserved 1048576K
}
Event: 2.281 GC heap after
{Heap after GC invocations=1 (full 0):
 garbage-first heap   total 251904K, used 2659K [0x000000070a000000, 0x0000000800000000)
  region size 2048K, 2 young (4096K), 2 survivors (4096K)
 Metaspace       used 7330K, committed 7488K, reserved 1064960K
  class space    used 457K, committed 512K, reserved 1048576K
}
Event: 7.968 GC heap before
{Heap before GC invocations=1 (full 0):
 garbage-first heap   total 251904K, used 45667K [0x000000070a000000, 0x0000000800000000)
  region size 2048K, 19 young (38912K), 2 survivors (4096K)
 Metaspace       used 9757K, committed 9856K, reserved 1064960K
  class space    used 677K, committed 704K, reserved 1048576K
}
Event: 7.977 GC heap after
{Heap after GC invocations=2 (full 0):
 garbage-first heap   total 251904K, used 22657K [0x000000070a000000, 0x0000000800000000)
  region size 2048K, 3 young (6144K), 3 survivors (6144K)
 Metaspace       used 9757K, committed 9856K, reserved 1064960K
  class space    used 677K, committed 704K, reserved 1048576K
}
Event: 8.416 GC heap before
{Heap before GC invocations=2 (full 0):
 garbage-first heap   total 251904K, used 28801K [0x000000070a000000, 0x0000000800000000)
  region size 2048K, 6 young (12288K), 3 survivors (6144K)
 Metaspace       used 9816K, committed 9920K, reserved 1064960K
  class space    used 677K, committed 704K, reserved 1048576K
}
Event: 8.420 GC heap after
{Heap after GC invocations=3 (full 0):
 garbage-first heap   total 251904K, used 24155K [0x000000070a000000, 0x0000000800000000)
  region size 2048K, 1 young (2048K), 1 survivors (2048K)
 Metaspace       used 9816K, committed 9920K, reserved 1064960K
  class space    used 677K, committed 704K, reserved 1048576K
}
Event: 21.004 GC heap before
{Heap before GC invocations=3 (full 0):
 garbage-first heap   total 251904K, used 196187K [0x000000070a000000, 0x0000000800000000)
  region size 2048K, 73 young (149504K), 1 survivors (2048K)
 Metaspace       used 10323K, committed 10432K, reserved 1064960K
  class space    used 727K, committed 768K, reserved 1048576K
}
Event: 21.007 GC heap after
{Heap after GC invocations=4 (full 0):
 garbage-first heap   total 251904K, used 55523K [0x000000070a000000, 0x0000000800000000)
  region size 2048K, 4 young (8192K), 4 survivors (8192K)
 Metaspace       used 10323K, committed 10432K, reserved 1064960K
  class space    used 727K, committed 768K, reserved 1048576K
}
Event: 32.401 GC heap before
{Heap before GC invocations=4 (full 0):
 garbage-first heap   total 251904K, used 196835K [0x000000070a000000, 0x0000000800000000)
  region size 2048K, 67 young (137216K), 4 survivors (8192K)
 Metaspace       used 10331K, committed 10432K, reserved 1064960K
  class space    used 727K, committed 768K, reserved 1048576K
}
Event: 32.405 GC heap after
{Heap after GC invocations=5 (full 0):
 garbage-first heap   total 251904K, used 72762K [0x000000070a000000, 0x0000000800000000)
  region size 2048K, 7 young (14336K), 7 survivors (14336K)
 Metaspace       used 10331K, committed 10432K, reserved 1064960K
  class space    used 727K, committed 768K, reserved 1048576K
}
Event: 41.003 GC heap before
{Heap before GC invocations=5 (full 0):
 garbage-first heap   total 251904K, used 222266K [0x000000070a000000, 0x0000000800000000)
  region size 2048K, 61 young (124928K), 7 survivors (14336K)
 Metaspace       used 10466K, committed 10624K, reserved 1064960K
  class space    used 740K, committed 832K, reserved 1048576K
}
Event: 41.008 GC heap after
{Heap after GC invocations=6 (full 0):
 garbage-first heap   total 253952K, used 126989K [0x000000070a000000, 0x0000000800000000)
  region size 2048K, 8 young (16384K), 8 survivors (16384K)
 Metaspace       used 10466K, committed 10624K, reserved 1064960K
  class space    used 740K, committed 832K, reserved 1048576K
}
Event: 41.008 GC heap before
{Heap before GC invocations=6 (full 0):
 garbage-first heap   total 253952K, used 129037K [0x000000070a000000, 0x0000000800000000)
  region size 2048K, 9 young (18432K), 8 survivors (16384K)
 Metaspace       used 10466K, committed 10624K, reserved 1064960K
  class space    used 740K, committed 832K, reserved 1048576K
}
Event: 41.010 GC heap after
{Heap after GC invocations=7 (full 0):
 garbage-first heap   total 253952K, used 129329K [0x000000070a000000, 0x0000000800000000)
  region size 2048K, 1 young (2048K), 1 survivors (2048K)
 Metaspace       used 10466K, committed 10624K, reserved 1064960K
  class space    used 740K, committed 832K, reserved 1048576K
}
Event: 47.248 GC heap before
{Heap before GC invocations=8 (full 0):
 garbage-first heap   total 192512K, used 151857K [0x000000070a000000, 0x0000000800000000)
  region size 2048K, 38 young (77824K), 1 survivors (2048K)
 Metaspace       used 10492K, committed 10688K, reserved 1064960K
  class space    used 740K, committed 832K, reserved 1048576K
}
Event: 47.251 GC heap after
{Heap after GC invocations=9 (full 0):
 garbage-first heap   total 192512K, used 82616K [0x000000070a000000, 0x0000000800000000)
  region size 2048K, 4 young (8192K), 4 survivors (8192K)
 Metaspace       used 10492K, committed 10688K, reserved 1064960K
  class space    used 740K, committed 832K, reserved 1048576K
}
Event: 51.807 GC heap before
{Heap before GC invocations=9 (full 0):
 garbage-first heap   total 192512K, used 142008K [0x000000070a000000, 0x0000000800000000)
  region size 2048K, 30 young (61440K), 4 survivors (8192K)
 Metaspace       used 10492K, committed 10688K, reserved 1064960K
  class space    used 740K, committed 832K, reserved 1048576K
}
Event: 51.809 GC heap after
{Heap after GC invocations=10 (full 0):
 garbage-first heap   total 192512K, used 92729K [0x000000070a000000, 0x0000000800000000)
  region size 2048K, 2 young (4096K), 2 survivors (4096K)
 Metaspace       used 10492K, committed 10688K, reserved 1064960K
  class space    used 740K, committed 832K, reserved 1048576K
}
Event: 57.028 GC heap before
{Heap before GC invocations=11 (full 0):
 garbage-first heap   total 192512K, used 133689K [0x000000070a000000, 0x0000000800000000)
  region size 2048K, 32 young (65536K), 2 survivors (4096K)
 Metaspace       used 10521K, committed 10688K, reserved 1064960K
  class space    used 740K, committed 832K, reserved 1048576K
}
Event: 57.030 GC heap after
{Heap after GC invocations=12 (full 0):
 garbage-first heap   total 192512K, used 77362K [0x000000070a000000, 0x0000000800000000)
  region size 2048K, 4 young (8192K), 4 survivors (8192K)
 Metaspace       used 10521K, committed 10688K, reserved 1064960K
  class space    used 740K, committed 832K, reserved 1048576K
}

