# JRE version: OpenJDK Runtime Environment Temurin-11.0.13+8 (11.0.13+8) (build 11.0.13+8)
# Java VM: OpenJDK 64-Bit Server VM Temurin-11.0.13+8 (11.0.13+8, mixed mode, tiered, compressed oops, g1 gc, windows-amd64)
Heap:
 garbage-first heap   total 253952K, used 140482K [0x0000000709800000, 0x0000000800000000)
  region size 1024K, 125 young (128000K), 6 survivors (6144K)
 Metaspace       used 24696K, capacity 25007K, committed 25264K, reserved 1073152K
  class space    used 2141K, capacity 2261K, committed 2304K, reserved 1048576K
GC Heap History (8 events):
Event: 1.007 GC heap before
{Heap before GC invocations=0 (full 0):
 garbage-first heap   total 253952K, used 23552K [0x0000000709800000, 0x0000000800000000)
  region size 1024K, 24 young (24576K), 0 survivors (0K)
 Metaspace       used 12216K, capacity 12413K, committed 12800K, reserved 1060864K
  class space    used 867K, capacity 924K, committed 1024K, reserved 1048576K
}
Event: 1.011 GC heap after
{Heap after GC invocations=1 (full 0):
 garbage-first heap   total 253952K, used 2517K [0x0000000709800000, 0x0000000800000000)
  region size 1024K, 3 young (3072K), 3 survivors (3072K)
 Metaspace       used 12216K, capacity 12413K, committed 12800K, reserved 1060864K
  class space    used 867K, capacity 924K, committed 1024K, reserved 1048576K
}
Event: 6.348 GC heap before
{Heap before GC invocations=1 (full 0):
 garbage-first heap   total 253952K, used 29141K [0x0000000709800000, 0x0000000800000000)
  region size 1024K, 28 young (28672K), 3 survivors (3072K)
 Metaspace       used 20955K, capacity 21163K, committed 21296K, reserved 1069056K
  class space    used 1780K, capacity 1858K, committed 1920K, reserved 1048576K
}
Event: 6.358 GC heap after
{Heap after GC invocations=2 (full 0):
 garbage-first heap   total 253952K, used 5678K [0x0000000709800000, 0x0000000800000000)
  region size 1024K, 6 young (6144K), 6 survivors (6144K)
 Metaspace       used 20955K, capacity 21163K, committed 21296K, reserved 1069056K
  class space    used 1780K, capacity 1858K, committed 1920K, reserved 1048576K
}
Event: 6.778 GC heap before
{Heap before GC invocations=3 (full 0):
 garbage-first heap   total 253952K, used 53806K [0x0000000709800000, 0x0000000800000000)
  region size 1024K, 50 young (51200K), 6 survivors (6144K)
 Metaspace       used 23474K, capacity 23712K, committed 23856K, reserved 1071104K
  class space    used 2046K, capacity 2129K, committed 2176K, reserved 1048576K
}
Event: 6.786 GC heap after
{Heap after GC invocations=4 (full 0):
 garbage-first heap   total 253952K, used 13254K [0x0000000709800000, 0x0000000800000000)
  region size 1024K, 7 young (7168K), 7 survivors (7168K)
 Metaspace       used 23474K, capacity 23712K, committed 23856K, reserved 1071104K
  class space    used 2046K, capacity 2129K, committed 2176K, reserved 1048576K
}
Event: 10.482 GC heap before
{Heap before GC invocations=4 (full 0):
 garbage-first heap   total 253952K, used 86982K [0x0000000709800000, 0x0000000800000000)
  region size 1024K, 80 young (81920K), 7 survivors (7168K)
 Metaspace       used 24110K, capacity 24387K, committed 24624K, reserved 1071104K
  class space    used 2081K, capacity 2161K, committed 2176K, reserved 1048576K
}
Event: 10.488 GC heap after
{Heap after GC invocations=5 (full 0):
 garbage-first heap   total 253952K, used 15554K [0x0000000709800000, 0x0000000800000000)
  region size 1024K, 6 young (6144K), 6 survivors (6144K)
 Metaspace       used 24110K, capacity 24387K, committed 24624K, reserved 1071104K
  class space    used 2081K, capacity 2161K, committed 2176K, reserved 1048576K
}

