# JRE version: OpenJDK Runtime Environment Temurin-11.0.13+8 (11.0.13+8) (build 11.0.13+8)
# Java VM: OpenJDK 64-Bit Server VM Temurin-11.0.13+8 (11.0.13+8, mixed mode, tiered, compressed oops, g1 gc, windows-amd64)
Heap:
 garbage-first heap   total 253952K, used 42466K [0x0000000709800000, 0x0000000800000000)
  region size 1024K, 39 young (39936K), 11 survivors (11264K)
 Metaspace       used 24133K, capacity 24391K, committed 24624K, reserved 1071104K
  class space    used 2087K, capacity 2163K, committed 2176K, reserved 1048576K
GC Heap History (6 events):
Event: 1.969 GC heap before
{Heap before GC invocations=0 (full 0):
 garbage-first heap   total 253952K, used 23552K [0x0000000709800000, 0x0000000800000000)
  region size 1024K, 24 young (24576K), 0 survivors (0K)
 Metaspace       used 12236K, capacity 12477K, committed 12800K, reserved 1060864K
  class space    used 867K, capacity 924K, committed 1024K, reserved 1048576K
}
Event: 2.000 GC heap after
{Heap after GC invocations=1 (full 0):
 garbage-first heap   total 253952K, used 2498K [0x0000000709800000, 0x0000000800000000)
  region size 1024K, 3 young (3072K), 3 survivors (3072K)
 Metaspace       used 12236K, capacity 12477K, committed 12800K, reserved 1060864K
  class space    used 867K, capacity 924K, committed 1024K, reserved 1048576K
}
Event: 5.654 GC heap before
{Heap before GC invocations=1 (full 0):
 garbage-first heap   total 253952K, used 26050K [0x0000000709800000, 0x0000000800000000)
  region size 1024K, 27 young (27648K), 3 survivors (3072K)
 Metaspace       used 20958K, capacity 21163K, committed 21296K, reserved 1069056K
  class space    used 1796K, capacity 1858K, committed 1920K, reserved 1048576K
}
Event: 5.666 GC heap after
{Heap after GC invocations=2 (full 0):
 garbage-first heap   total 253952K, used 5509K [0x0000000709800000, 0x0000000800000000)
  region size 1024K, 6 young (6144K), 6 survivors (6144K)
 Metaspace       used 20958K, capacity 21163K, committed 21296K, reserved 1069056K
  class space    used 1796K, capacity 1858K, committed 1920K, reserved 1048576K
}
Event: 10.759 GC heap before
{Heap before GC invocations=3 (full 0):
 garbage-first heap   total 253952K, used 107909K [0x0000000709800000, 0x0000000800000000)
  region size 1024K, 102 young (104448K), 6 survivors (6144K)
 Metaspace       used 23974K, capacity 24263K, committed 24368K, reserved 1071104K
  class space    used 2082K, capacity 2163K, committed 2176K, reserved 1048576K
}
Event: 10.778 GC heap after
{Heap after GC invocations=4 (full 0):
 garbage-first heap   total 253952K, used 14818K [0x0000000709800000, 0x0000000800000000)
  region size 1024K, 11 young (11264K), 11 survivors (11264K)
 Metaspace       used 23974K, capacity 24263K, committed 24368K, reserved 1071104K
  class space    used 2082K, capacity 2163K, committed 2176K, reserved 1048576K
}

