# JRE version: OpenJDK Runtime Environment Temurin-17.0.1+12 (17.0.1+12) (build 17.0.1+12)
# Java VM: OpenJDK 64-Bit Server VM Temurin-17.0.1+12 (17.0.1+12, mixed mode, sharing, tiered, compressed oops, compressed class ptrs, g1 gc, windows-amd64)
GC Precious Log:
 CPUs: 16 total, 16 available
 Memory: 15741M
 Large Page Support: Disabled
 NUMA Support: Disabled
 Compressed Oops: Enabled (Zero based)
 Heap Region Size: 2M
 Heap Min Capacity: 8M
 Heap Initial Capacity: 246M
 Heap Max Capacity: 3936M
 Pre-touch: Disabled
 Parallel Workers: 13
 Concurrent Workers: 3
 Concurrent Refinement Workers: 13
 Periodic GC: Disabled
Heap:
 garbage-first heap   total 251904K, used 38306K [0x000000070a000000, 0x0000000800000000)
  region size 2048K, 9 young (18432K), 1 survivors (2048K)
 Metaspace       used 9824K, committed 9920K, reserved 1064960K
  class space    used 676K, committed 704K, reserved 1048576K
GC Heap History (6 events):
Event: 2.207 GC heap before
{Heap before GC invocations=0 (full 0):
 garbage-first heap   total 251904K, used 20480K [0x000000070a000000, 0x0000000800000000)
  region size 2048K, 11 young (22528K), 0 survivors (0K)
 Metaspace       used 7225K, committed 7360K, reserved 1064960K
  class space    used 442K, committed 512K, reserved 1048576K
}
Event: 2.210 GC heap after
{Heap after GC invocations=1 (full 0):
 garbage-first heap   total 251904K, used 2547K [0x000000070a000000, 0x0000000800000000)
  region size 2048K, 2 young (4096K), 2 survivors (4096K)
 Metaspace       used 7225K, committed 7360K, reserved 1064960K
  class space    used 442K, committed 512K, reserved 1048576K
}
Event: 4.452 GC heap before
{Heap before GC invocations=1 (full 0):
 garbage-first heap   total 251904K, used 45555K [0x000000070a000000, 0x0000000800000000)
  region size 2048K, 20 young (40960K), 2 survivors (4096K)
 Metaspace       used 9693K, committed 9792K, reserved 1064960K
  class space    used 674K, committed 704K, reserved 1048576K
}
Event: 4.462 GC heap after
{Heap after GC invocations=2 (full 0):
 garbage-first heap   total 251904K, used 22397K [0x000000070a000000, 0x0000000800000000)
  region size 2048K, 3 young (6144K), 3 survivors (6144K)
 Metaspace       used 9693K, committed 9792K, reserved 1064960K
  class space    used 674K, committed 704K, reserved 1048576K
}
Event: 4.914 GC heap before
{Heap before GC invocations=2 (full 0):
 garbage-first heap   total 251904K, used 28541K [0x000000070a000000, 0x0000000800000000)
  region size 2048K, 6 young (12288K), 3 survivors (6144K)
 Metaspace       used 9723K, committed 9856K, reserved 1064960K
  class space    used 674K, committed 704K, reserved 1048576K
}
Event: 4.919 GC heap after
{Heap after GC invocations=3 (full 0):
 garbage-first heap   total 251904K, used 23970K [0x000000070a000000, 0x0000000800000000)
  region size 2048K, 1 young (2048K), 1 survivors (2048K)
 Metaspace       used 9723K, committed 9856K, reserved 1064960K
  class space    used 674K, committed 704K, reserved 1048576K
}

