# JRE version: OpenJDK Runtime Environment Temurin-17.0.1+12 (17.0.1+12) (build 17.0.1+12)
# Java VM: OpenJDK 64-Bit Server VM Temurin-17.0.1+12 (17.0.1+12, mixed mode, sharing, tiered, compressed oops, compressed class ptrs, g1 gc, windows-amd64)
GC Precious Log:
 CPUs: 16 total, 16 available
 Memory: 15741M
 Large Page Support: Disabled
 NUMA Support: Disabled
 Compressed Oops: Enabled (Zero based)
 Heap Region Size: 2M
 Heap Min Capacity: 8M
 Heap Initial Capacity: 246M
 Heap Max Capacity: 3936M
 Pre-touch: Disabled
 Parallel Workers: 13
 Concurrent Workers: 3
 Concurrent Refinement Workers: 13
 Periodic GC: Disabled
Heap:
 garbage-first heap   total 251904K, used 115578K [0x000000070a000000, 0x0000000800000000)
  region size 2048K, 22 young (45056K), 5 survivors (10240K)
 Metaspace       used 10408K, committed 10624K, reserved 1064960K
  class space    used 731K, committed 832K, reserved 1048576K
GC Heap History (12 events):
Event: 2.191 GC heap before
{Heap before GC invocations=0 (full 0):
 garbage-first heap   total 251904K, used 22528K [0x000000070a000000, 0x0000000800000000)
  region size 2048K, 11 young (22528K), 0 survivors (0K)
 Metaspace       used 7196K, committed 7360K, reserved 1064960K
  class space    used 438K, committed 512K, reserved 1048576K
}
Event: 2.194 GC heap after
{Heap after GC invocations=1 (full 0):
 garbage-first heap   total 251904K, used 2737K [0x000000070a000000, 0x0000000800000000)
  region size 2048K, 2 young (4096K), 2 survivors (4096K)
 Metaspace       used 7196K, committed 7360K, reserved 1064960K
  class space    used 438K, committed 512K, reserved 1048576K
}
Event: 4.730 GC heap before
{Heap before GC invocations=1 (full 0):
 garbage-first heap   total 251904K, used 43697K [0x000000070a000000, 0x0000000800000000)
  region size 2048K, 19 young (38912K), 2 survivors (4096K)
 Metaspace       used 9762K, committed 9856K, reserved 1064960K
  class space    used 679K, committed 704K, reserved 1048576K
}
Event: 4.740 GC heap after
{Heap after GC invocations=2 (full 0):
 garbage-first heap   total 251904K, used 22737K [0x000000070a000000, 0x0000000800000000)
  region size 2048K, 3 young (6144K), 3 survivors (6144K)
 Metaspace       used 9762K, committed 9856K, reserved 1064960K
  class space    used 679K, committed 704K, reserved 1048576K
}
Event: 5.206 GC heap before
{Heap before GC invocations=2 (full 0):
 garbage-first heap   total 251904K, used 28881K [0x000000070a000000, 0x0000000800000000)
  region size 2048K, 6 young (12288K), 3 survivors (6144K)
 Metaspace       used 9829K, committed 9920K, reserved 1064960K
  class space    used 679K, committed 704K, reserved 1048576K
}
Event: 5.210 GC heap after
{Heap after GC invocations=3 (full 0):
 garbage-first heap   total 251904K, used 24340K [0x000000070a000000, 0x0000000800000000)
  region size 2048K, 1 young (2048K), 1 survivors (2048K)
 Metaspace       used 9829K, committed 9920K, reserved 1064960K
  class space    used 679K, committed 704K, reserved 1048576K
}
Event: 19.102 GC heap before
{Heap before GC invocations=3 (full 0):
 garbage-first heap   total 251904K, used 194324K [0x000000070a000000, 0x0000000800000000)
  region size 2048K, 73 young (149504K), 1 survivors (2048K)
 Metaspace       used 10371K, committed 10432K, reserved 1064960K
  class space    used 729K, committed 768K, reserved 1048576K
}
Event: 19.106 GC heap after
{Heap after GC invocations=4 (full 0):
 garbage-first heap   total 251904K, used 56086K [0x000000070a000000, 0x0000000800000000)
  region size 2048K, 4 young (8192K), 4 survivors (8192K)
 Metaspace       used 10371K, committed 10432K, reserved 1064960K
  class space    used 729K, committed 768K, reserved 1048576K
}
Event: 31.089 GC heap before
{Heap before GC invocations=4 (full 0):
 garbage-first heap   total 251904K, used 197398K [0x000000070a000000, 0x0000000800000000)
  region size 2048K, 67 young (137216K), 4 survivors (8192K)
 Metaspace       used 10389K, committed 10560K, reserved 1064960K
  class space    used 729K, committed 768K, reserved 1048576K
}
Event: 31.092 GC heap after
{Heap after GC invocations=5 (full 0):
 garbage-first heap   total 251904K, used 73079K [0x000000070a000000, 0x0000000800000000)
  region size 2048K, 7 young (14336K), 7 survivors (14336K)
 Metaspace       used 10389K, committed 10560K, reserved 1064960K
  class space    used 729K, committed 768K, reserved 1048576K
}
Event: 42.376 GC heap before
{Heap before GC invocations=5 (full 0):
 garbage-first heap   total 251904K, used 198007K [0x000000070a000000, 0x0000000800000000)
  region size 2048K, 65 young (133120K), 7 survivors (14336K)
 Metaspace       used 10395K, committed 10560K, reserved 1064960K
  class space    used 729K, committed 768K, reserved 1048576K
}
Event: 42.380 GC heap after
{Heap after GC invocations=6 (full 0):
 garbage-first heap   total 251904K, used 82810K [0x000000070a000000, 0x0000000800000000)
  region size 2048K, 5 young (10240K), 5 survivors (10240K)
 Metaspace       used 10395K, committed 10560K, reserved 1064960K
  class space    used 729K, committed 768K, reserved 1048576K
}

