# JRE version: OpenJDK Runtime Environment Temurin-17.0.1+12 (17.0.1+12) (build 17.0.1+12)
# Java VM: OpenJDK 64-Bit Server VM Temurin-17.0.1+12 (17.0.1+12, mixed mode, sharing, tiered, compressed oops, compressed class ptrs, g1 gc, windows-amd64)
GC Precious Log:
 CPUs: 16 total, 16 available
 Memory: 15741M
 Large Page Support: Disabled
 NUMA Support: Disabled
 Compressed Oops: Enabled (Zero based)
 Heap Region Size: 2M
 Heap Min Capacity: 8M
 Heap Initial Capacity: 246M
 Heap Max Capacity: 3936M
 Pre-touch: Disabled
 Parallel Workers: 13
 Concurrent Workers: 3
 Concurrent Refinement Workers: 13
 Periodic GC: Disabled
Heap:
 garbage-first heap   total 163840K, used 100849K [0x000000070a000000, 0x0000000800000000)
  region size 2048K, 19 young (38912K), 3 survivors (6144K)
 Metaspace       used 10609K, committed 10752K, reserved 1064960K
  class space    used 743K, committed 832K, reserved 1048576K
GC Heap History (20 events):
Event: 4.559 GC heap before
{Heap before GC invocations=1 (full 0):
 garbage-first heap   total 251904K, used 47686K [0x000000070a000000, 0x0000000800000000)
  region size 2048K, 20 young (40960K), 2 survivors (4096K)
 Metaspace       used 9815K, committed 9920K, reserved 1064960K
  class space    used 679K, committed 704K, reserved 1048576K
}
Event: 4.582 GC heap after
{Heap after GC invocations=2 (full 0):
 garbage-first heap   total 251904K, used 22697K [0x000000070a000000, 0x0000000800000000)
  region size 2048K, 3 young (6144K), 3 survivors (6144K)
 Metaspace       used 9815K, committed 9920K, reserved 1064960K
  class space    used 679K, committed 704K, reserved 1048576K
}
Event: 5.017 GC heap before
{Heap before GC invocations=2 (full 0):
 garbage-first heap   total 251904K, used 28841K [0x000000070a000000, 0x0000000800000000)
  region size 2048K, 6 young (12288K), 3 survivors (6144K)
 Metaspace       used 9836K, committed 9984K, reserved 1064960K
  class space    used 679K, committed 704K, reserved 1048576K
}
Event: 5.025 GC heap after
{Heap after GC invocations=3 (full 0):
 garbage-first heap   total 251904K, used 23991K [0x000000070a000000, 0x0000000800000000)
  region size 2048K, 1 young (2048K), 1 survivors (2048K)
 Metaspace       used 9836K, committed 9984K, reserved 1064960K
  class space    used 679K, committed 704K, reserved 1048576K
}
Event: 18.447 GC heap before
{Heap before GC invocations=3 (full 0):
 garbage-first heap   total 251904K, used 198071K [0x000000070a000000, 0x0000000800000000)
  region size 2048K, 73 young (149504K), 1 survivors (2048K)
 Metaspace       used 10383K, committed 10496K, reserved 1064960K
  class space    used 729K, committed 768K, reserved 1048576K
}
Event: 18.450 GC heap after
{Heap after GC invocations=4 (full 0):
 garbage-first heap   total 251904K, used 55385K [0x000000070a000000, 0x0000000800000000)
  region size 2048K, 3 young (6144K), 3 survivors (6144K)
 Metaspace       used 10383K, committed 10496K, reserved 1064960K
  class space    used 729K, committed 768K, reserved 1048576K
}
Event: 29.136 GC heap before
{Heap before GC invocations=4 (full 0):
 garbage-first heap   total 251904K, used 223321K [0x000000070a000000, 0x0000000800000000)
  region size 2048K, 67 young (137216K), 3 survivors (6144K)
 Metaspace       used 10526K, committed 10688K, reserved 1064960K
  class space    used 742K, committed 832K, reserved 1048576K
}
Event: 29.141 GC heap after
{Heap after GC invocations=5 (full 0):
 garbage-first heap   total 251904K, used 104244K [0x000000070a000000, 0x0000000800000000)
  region size 2048K, 7 young (14336K), 7 survivors (14336K)
 Metaspace       used 10526K, committed 10688K, reserved 1064960K
  class space    used 742K, committed 832K, reserved 1048576K
}
Event: 34.952 GC heap before
{Heap before GC invocations=5 (full 0):
 garbage-first heap   total 251904K, used 188212K [0x000000070a000000, 0x0000000800000000)
  region size 2048K, 39 young (79872K), 7 survivors (14336K)
 Metaspace       used 10539K, committed 10688K, reserved 1064960K
  class space    used 742K, committed 832K, reserved 1048576K
}
Event: 34.956 GC heap after
{Heap after GC invocations=6 (full 0):
 garbage-first heap   total 251904K, used 127463K [0x000000070a000000, 0x0000000800000000)
  region size 2048K, 6 young (12288K), 6 survivors (12288K)
 Metaspace       used 10539K, committed 10688K, reserved 1064960K
  class space    used 742K, committed 832K, reserved 1048576K
}
Event: 38.739 GC heap before
{Heap before GC invocations=7 (full 0):
 garbage-first heap   total 163840K, used 119271K [0x000000070a000000, 0x0000000800000000)
  region size 2048K, 25 young (51200K), 6 survivors (12288K)
 Metaspace       used 10571K, committed 10752K, reserved 1064960K
  class space    used 742K, committed 832K, reserved 1048576K
}
Event: 38.742 GC heap after
{Heap after GC invocations=8 (full 0):
 garbage-first heap   total 163840K, used 89717K [0x000000070a000000, 0x0000000800000000)
  region size 2048K, 6 young (12288K), 6 survivors (12288K)
 Metaspace       used 10571K, committed 10752K, reserved 1064960K
  class space    used 742K, committed 832K, reserved 1048576K
}
Event: 42.223 GC heap before
{Heap before GC invocations=9 (full 0):
 garbage-first heap   total 163840K, used 104053K [0x000000070a000000, 0x0000000800000000)
  region size 2048K, 24 young (49152K), 6 survivors (12288K)
 Metaspace       used 10589K, committed 10752K, reserved 1064960K
  class space    used 742K, committed 832K, reserved 1048576K
}
Event: 42.225 GC heap after
{Heap after GC invocations=10 (full 0):
 garbage-first heap   total 163840K, used 73453K [0x000000070a000000, 0x0000000800000000)
  region size 2048K, 3 young (6144K), 3 survivors (6144K)
 Metaspace       used 10589K, committed 10752K, reserved 1064960K
  class space    used 742K, committed 832K, reserved 1048576K
}
Event: 44.457 GC heap before
{Heap before GC invocations=10 (full 0):
 garbage-first heap   total 163840K, used 100077K [0x000000070a000000, 0x0000000800000000)
  region size 2048K, 16 young (32768K), 3 survivors (6144K)
 Metaspace       used 10590K, committed 10752K, reserved 1064960K
  class space    used 742K, committed 832K, reserved 1048576K
}
Event: 44.459 GC heap after
{Heap after GC invocations=11 (full 0):
 garbage-first heap   total 163840K, used 76412K [0x000000070a000000, 0x0000000800000000)
  region size 2048K, 3 young (6144K), 3 survivors (6144K)
 Metaspace       used 10590K, committed 10752K, reserved 1064960K
  class space    used 742K, committed 832K, reserved 1048576K
}
Event: 44.459 GC heap before
{Heap before GC invocations=11 (full 0):
 garbage-first heap   total 163840K, used 78460K [0x000000070a000000, 0x0000000800000000)
  region size 2048K, 4 young (8192K), 3 survivors (6144K)
 Metaspace       used 10590K, committed 10752K, reserved 1064960K
  class space    used 742K, committed 832K, reserved 1048576K
}
Event: 44.460 GC heap after
{Heap after GC invocations=12 (full 0):
 garbage-first heap   total 163840K, used 78082K [0x000000070a000000, 0x0000000800000000)
  region size 2048K, 1 young (2048K), 1 survivors (2048K)
 Metaspace       used 10590K, committed 10752K, reserved 1064960K
  class space    used 742K, committed 832K, reserved 1048576K
}
Event: 48.614 GC heap before
{Heap before GC invocations=13 (full 0):
 garbage-first heap   total 163840K, used 114946K [0x000000070a000000, 0x0000000800000000)
  region size 2048K, 26 young (53248K), 1 survivors (2048K)
 Metaspace       used 10603K, committed 10752K, reserved 1064960K
  class space    used 742K, committed 832K, reserved 1048576K
}
Event: 48.616 GC heap after
{Heap after GC invocations=14 (full 0):
 garbage-first heap   total 163840K, used 70129K [0x000000070a000000, 0x0000000800000000)
  region size 2048K, 3 young (6144K), 3 survivors (6144K)
 Metaspace       used 10603K, committed 10752K, reserved 1064960K
  class space    used 742K, committed 832K, reserved 1048576K
}

