# JRE version: OpenJDK Runtime Environment Temurin-17.0.1+12 (17.0.1+12) (build 17.0.1+12)
# Java VM: OpenJDK 64-Bit Server VM Temurin-17.0.1+12 (17.0.1+12, mixed mode, sharing, tiered, compressed oops, compressed class ptrs, g1 gc, windows-amd64)
GC Precious Log:
 CPUs: 16 total, 16 available
 Memory: 15741M
 Large Page Support: Disabled
 NUMA Support: Disabled
 Compressed Oops: Enabled (Zero based)
 Heap Region Size: 2M
 Heap Min Capacity: 8M
 Heap Initial Capacity: 246M
 Heap Max Capacity: 3936M
 Pre-touch: Disabled
 Parallel Workers: 13
 Concurrent Workers: 3
 Concurrent Refinement Workers: 13
 Periodic GC: Disabled
Heap:
 garbage-first heap   total 251904K, used 113730K [0x000000070a000000, 0x0000000800000000)
  region size 2048K, 27 young (55296K), 1 survivors (2048K)
 Metaspace       used 9921K, committed 10048K, reserved 1064960K
  class space    used 677K, committed 704K, reserved 1048576K
GC Heap History (10 events):
Event: 2.918 GC heap before
{Heap before GC invocations=0 (full 0):
 garbage-first heap   total 251904K, used 20480K [0x000000070a000000, 0x0000000800000000)
  region size 2048K, 11 young (22528K), 0 survivors (0K)
 Metaspace       used 7324K, committed 7424K, reserved 1064960K
  class space    used 455K, committed 512K, reserved 1048576K
}
Event: 2.930 GC heap after
{Heap after GC invocations=1 (full 0):
 garbage-first heap   total 251904K, used 2463K [0x000000070a000000, 0x0000000800000000)
  region size 2048K, 2 young (4096K), 2 survivors (4096K)
 Metaspace       used 7324K, committed 7424K, reserved 1064960K
  class space    used 455K, committed 512K, reserved 1048576K
}
Event: 5.506 GC heap before
{Heap before GC invocations=1 (full 0):
 garbage-first heap   total 251904K, used 43423K [0x000000070a000000, 0x0000000800000000)
  region size 2048K, 19 young (38912K), 2 survivors (4096K)
 Metaspace       used 9322K, committed 9472K, reserved 1064960K
  class space    used 640K, committed 704K, reserved 1048576K
}
Event: 5.526 GC heap after
{Heap after GC invocations=2 (full 0):
 garbage-first heap   total 251904K, used 23130K [0x000000070a000000, 0x0000000800000000)
  region size 2048K, 3 young (6144K), 3 survivors (6144K)
 Metaspace       used 9322K, committed 9472K, reserved 1064960K
  class space    used 640K, committed 704K, reserved 1048576K
}
Event: 6.449 GC heap before
{Heap before GC invocations=2 (full 0):
 garbage-first heap   total 251904K, used 76378K [0x000000070a000000, 0x0000000800000000)
  region size 2048K, 29 young (59392K), 3 survivors (6144K)
 Metaspace       used 9689K, committed 9792K, reserved 1064960K
  class space    used 675K, committed 704K, reserved 1048576K
}
Event: 6.477 GC heap after
{Heap after GC invocations=3 (full 0):
 garbage-first heap   total 251904K, used 58833K [0x000000070a000000, 0x0000000800000000)
  region size 2048K, 4 young (8192K), 4 survivors (8192K)
 Metaspace       used 9689K, committed 9792K, reserved 1064960K
  class space    used 675K, committed 704K, reserved 1048576K
}
Event: 7.922 GC heap before
{Heap before GC invocations=3 (full 0):
 garbage-first heap   total 251904K, used 62929K [0x000000070a000000, 0x0000000800000000)
  region size 2048K, 6 young (12288K), 4 survivors (8192K)
 Metaspace       used 9743K, committed 9792K, reserved 1064960K
  class space    used 675K, committed 704K, reserved 1048576K
}
Event: 7.935 GC heap after
{Heap after GC invocations=4 (full 0):
 garbage-first heap   total 251904K, used 62595K [0x000000070a000000, 0x0000000800000000)
  region size 2048K, 1 young (2048K), 1 survivors (2048K)
 Metaspace       used 9743K, committed 9792K, reserved 1064960K
  class space    used 675K, committed 704K, reserved 1048576K
}
Event: 18.946 GC heap before
{Heap before GC invocations=4 (full 0):
 garbage-first heap   total 251904K, used 95363K [0x000000070a000000, 0x0000000800000000)
  region size 2048K, 17 young (34816K), 1 survivors (2048K)
 Metaspace       used 9886K, committed 9984K, reserved 1064960K
  class space    used 675K, committed 704K, reserved 1048576K
}
Event: 18.948 GC heap after
{Heap after GC invocations=5 (full 0):
 garbage-first heap   total 251904K, used 62530K [0x000000070a000000, 0x0000000800000000)
  region size 2048K, 1 young (2048K), 1 survivors (2048K)
 Metaspace       used 9886K, committed 9984K, reserved 1064960K
  class space    used 675K, committed 704K, reserved 1048576K
}

