# JRE version: OpenJDK Runtime Environment Temurin-17.0.1+12 (17.0.1+12) (build 17.0.1+12)
# Java VM: OpenJDK 64-Bit Server VM Temurin-17.0.1+12 (17.0.1+12, mixed mode, sharing, tiered, compressed oops, compressed class ptrs, g1 gc, windows-amd64)
GC Precious Log:
 CPUs: 16 total, 16 available
 Memory: 15741M
 Large Page Support: Disabled
 NUMA Support: Disabled
 Compressed Oops: Enabled (Zero based)
 Heap Region Size: 2M
 Heap Min Capacity: 8M
 Heap Initial Capacity: 246M
 Heap Max Capacity: 3936M
 Pre-touch: Disabled
 Parallel Workers: 13
 Concurrent Workers: 3
 Concurrent Refinement Workers: 13
 Periodic GC: Disabled
Heap:
 garbage-first heap   total 172032K, used 112174K [0x000000070a000000, 0x0000000800000000)
  region size 2048K, 19 young (38912K), 2 survivors (4096K)
 Metaspace       used 10492K, committed 10688K, reserved 1064960K
  class space    used 742K, committed 832K, reserved 1048576K
GC Heap History (20 events):
Event: 2.059 GC heap before
{Heap before GC invocations=0 (full 0):
 garbage-first heap   total 251904K, used 22528K [0x000000070a000000, 0x0000000800000000)
  region size 2048K, 11 young (22528K), 0 survivors (0K)
 Metaspace       used 7199K, committed 7360K, reserved 1064960K
  class space    used 438K, committed 512K, reserved 1048576K
}
Event: 2.061 GC heap after
{Heap after GC invocations=1 (full 0):
 garbage-first heap   total 251904K, used 2672K [0x000000070a000000, 0x0000000800000000)
  region size 2048K, 2 young (4096K), 2 survivors (4096K)
 Metaspace       used 7199K, committed 7360K, reserved 1064960K
  class space    used 438K, committed 512K, reserved 1048576K
}
Event: 4.516 GC heap before
{Heap before GC invocations=1 (full 0):
 garbage-first heap   total 251904K, used 43632K [0x000000070a000000, 0x0000000800000000)
  region size 2048K, 19 young (38912K), 2 survivors (4096K)
 Metaspace       used 9730K, committed 9792K, reserved 1064960K
  class space    used 678K, committed 704K, reserved 1048576K
}
Event: 4.527 GC heap after
{Heap after GC invocations=2 (full 0):
 garbage-first heap   total 251904K, used 22663K [0x000000070a000000, 0x0000000800000000)
  region size 2048K, 3 young (6144K), 3 survivors (6144K)
 Metaspace       used 9730K, committed 9792K, reserved 1064960K
  class space    used 678K, committed 704K, reserved 1048576K
}
Event: 4.991 GC heap before
{Heap before GC invocations=2 (full 0):
 garbage-first heap   total 251904K, used 28807K [0x000000070a000000, 0x0000000800000000)
  region size 2048K, 6 young (12288K), 3 survivors (6144K)
 Metaspace       used 9798K, committed 9920K, reserved 1064960K
  class space    used 678K, committed 704K, reserved 1048576K
}
Event: 4.995 GC heap after
{Heap after GC invocations=3 (full 0):
 garbage-first heap   total 251904K, used 24266K [0x000000070a000000, 0x0000000800000000)
  region size 2048K, 1 young (2048K), 1 survivors (2048K)
 Metaspace       used 9798K, committed 9920K, reserved 1064960K
  class space    used 678K, committed 704K, reserved 1048576K
}
Event: 18.095 GC heap before
{Heap before GC invocations=3 (full 0):
 garbage-first heap   total 251904K, used 190154K [0x000000070a000000, 0x0000000800000000)
  region size 2048K, 73 young (149504K), 1 survivors (2048K)
 Metaspace       used 10319K, committed 10432K, reserved 1064960K
  class space    used 728K, committed 768K, reserved 1048576K
}
Event: 18.102 GC heap after
{Heap after GC invocations=4 (full 0):
 garbage-first heap   total 251904K, used 48222K [0x000000070a000000, 0x0000000800000000)
  region size 2048K, 4 young (8192K), 4 survivors (8192K)
 Metaspace       used 10319K, committed 10432K, reserved 1064960K
  class space    used 728K, committed 768K, reserved 1048576K
}
Event: 30.272 GC heap before
{Heap before GC invocations=4 (full 0):
 garbage-first heap   total 251904K, used 210014K [0x000000070a000000, 0x0000000800000000)
  region size 2048K, 71 young (145408K), 4 survivors (8192K)
 Metaspace       used 10332K, committed 10432K, reserved 1064960K
  class space    used 728K, committed 768K, reserved 1048576K
}
Event: 30.276 GC heap after
{Heap after GC invocations=5 (full 0):
 garbage-first heap   total 251904K, used 78709K [0x000000070a000000, 0x0000000800000000)
  region size 2048K, 6 young (12288K), 6 survivors (12288K)
 Metaspace       used 10332K, committed 10432K, reserved 1064960K
  class space    used 728K, committed 768K, reserved 1048576K
}
Event: 39.785 GC heap before
{Heap before GC invocations=5 (full 0):
 garbage-first heap   total 251904K, used 224117K [0x000000070a000000, 0x0000000800000000)
  region size 2048K, 61 young (124928K), 6 survivors (12288K)
 Metaspace       used 10454K, committed 10624K, reserved 1064960K
  class space    used 740K, committed 832K, reserved 1048576K
}
Event: 39.789 GC heap after
{Heap after GC invocations=6 (full 0):
 garbage-first heap   total 251904K, used 123223K [0x000000070a000000, 0x0000000800000000)
  region size 2048K, 7 young (14336K), 7 survivors (14336K)
 Metaspace       used 10454K, committed 10624K, reserved 1064960K
  class space    used 740K, committed 832K, reserved 1048576K
}
Event: 39.790 GC heap before
{Heap before GC invocations=6 (full 0):
 garbage-first heap   total 251904K, used 125271K [0x000000070a000000, 0x0000000800000000)
  region size 2048K, 8 young (16384K), 7 survivors (14336K)
 Metaspace       used 10454K, committed 10624K, reserved 1064960K
  class space    used 740K, committed 832K, reserved 1048576K
}
Event: 39.792 GC heap after
{Heap after GC invocations=7 (full 0):
 garbage-first heap   total 251904K, used 124676K [0x000000070a000000, 0x0000000800000000)
  region size 2048K, 4 young (8192K), 4 survivors (8192K)
 Metaspace       used 10454K, committed 10624K, reserved 1064960K
  class space    used 740K, committed 832K, reserved 1048576K
}
Event: 44.972 GC heap before
{Heap before GC invocations=8 (full 0):
 garbage-first heap   total 172032K, used 143108K [0x000000070a000000, 0x0000000800000000)
  region size 2048K, 36 young (73728K), 4 survivors (8192K)
 Metaspace       used 10469K, committed 10688K, reserved 1064960K
  class space    used 740K, committed 832K, reserved 1048576K
}
Event: 44.975 GC heap after
{Heap after GC invocations=9 (full 0):
 garbage-first heap   total 172032K, used 88069K [0x000000070a000000, 0x0000000800000000)
  region size 2048K, 6 young (12288K), 6 survivors (12288K)
 Metaspace       used 10469K, committed 10688K, reserved 1064960K
  class space    used 740K, committed 832K, reserved 1048576K
}
Event: 49.298 GC heap before
{Heap before GC invocations=10 (full 0):
 garbage-first heap   total 172032K, used 118789K [0x000000070a000000, 0x0000000800000000)
  region size 2048K, 30 young (61440K), 6 survivors (12288K)
 Metaspace       used 10481K, committed 10688K, reserved 1064960K
  class space    used 740K, committed 832K, reserved 1048576K
}
Event: 49.301 GC heap after
{Heap after GC invocations=11 (full 0):
 garbage-first heap   total 172032K, used 73705K [0x000000070a000000, 0x0000000800000000)
  region size 2048K, 2 young (4096K), 2 survivors (4096K)
 Metaspace       used 10481K, committed 10688K, reserved 1064960K
  class space    used 740K, committed 832K, reserved 1048576K
}
Event: 49.439 GC heap before
{Heap before GC invocations=11 (full 0):
 garbage-first heap   total 172032K, used 77801K [0x000000070a000000, 0x0000000800000000)
  region size 2048K, 3 young (6144K), 2 survivors (4096K)
 Metaspace       used 10481K, committed 10688K, reserved 1064960K
  class space    used 740K, committed 832K, reserved 1048576K
}
Event: 49.440 GC heap after
{Heap after GC invocations=12 (full 0):
 garbage-first heap   total 172032K, used 77358K [0x000000070a000000, 0x0000000800000000)
  region size 2048K, 2 young (4096K), 2 survivors (4096K)
 Metaspace       used 10481K, committed 10688K, reserved 1064960K
  class space    used 740K, committed 832K, reserved 1048576K
}

