# JRE version: OpenJDK Runtime Environment Temurin-17.0.1+12 (17.0.1+12) (build 17.0.1+12)
# Java VM: OpenJDK 64-Bit Server VM Temurin-17.0.1+12 (17.0.1+12, mixed mode, sharing, tiered, compressed oops, compressed class ptrs, g1 gc, windows-amd64)
GC Precious Log:
 CPUs: 16 total, 16 available
 Memory: 15741M
 Large Page Support: Disabled
 NUMA Support: Disabled
 Compressed Oops: Enabled (Zero based)
 Heap Region Size: 2M
 Heap Min Capacity: 8M
 Heap Initial Capacity: 246M
 Heap Max Capacity: 3936M
 Pre-touch: Disabled
 Parallel Workers: 13
 Concurrent Workers: 3
 Concurrent Refinement Workers: 13
 Periodic GC: Disabled
Heap:
 garbage-first heap   total 172032K, used 60943K [0x000000070a000000, 0x0000000800000000)
  region size 2048K, 11 young (22528K), 1 survivors (2048K)
 Metaspace       used 10492K, committed 10688K, reserved 1064960K
  class space    used 743K, committed 832K, reserved 1048576K
GC Heap History (12 events):
Event: 2.058 GC heap before
{Heap before GC invocations=0 (full 0):
 garbage-first heap   total 251904K, used 22528K [0x000000070a000000, 0x0000000800000000)
  region size 2048K, 11 young (22528K), 0 survivors (0K)
 Metaspace       used 7200K, committed 7360K, reserved 1064960K
  class space    used 438K, committed 512K, reserved 1048576K
}
Event: 2.061 GC heap after
{Heap after GC invocations=1 (full 0):
 garbage-first heap   total 251904K, used 2713K [0x000000070a000000, 0x0000000800000000)
  region size 2048K, 2 young (4096K), 2 survivors (4096K)
 Metaspace       used 7200K, committed 7360K, reserved 1064960K
  class space    used 438K, committed 512K, reserved 1048576K
}
Event: 4.675 GC heap before
{Heap before GC invocations=1 (full 0):
 garbage-first heap   total 251904K, used 51865K [0x000000070a000000, 0x0000000800000000)
  region size 2048K, 20 young (40960K), 2 survivors (4096K)
 Metaspace       used 10155K, committed 10304K, reserved 1064960K
  class space    used 726K, committed 768K, reserved 1048576K
}
Event: 4.683 GC heap after
{Heap after GC invocations=2 (full 0):
 garbage-first heap   total 251904K, used 28901K [0x000000070a000000, 0x0000000800000000)
  region size 2048K, 3 young (6144K), 3 survivors (6144K)
 Metaspace       used 10155K, committed 10304K, reserved 1064960K
  class space    used 726K, committed 768K, reserved 1048576K
}
Event: 5.146 GC heap before
{Heap before GC invocations=2 (full 0):
 garbage-first heap   total 251904K, used 35045K [0x000000070a000000, 0x0000000800000000)
  region size 2048K, 7 young (14336K), 3 survivors (6144K)
 Metaspace       used 10200K, committed 10304K, reserved 1064960K
  class space    used 728K, committed 768K, reserved 1048576K
}
Event: 5.151 GC heap after
{Heap after GC invocations=3 (full 0):
 garbage-first heap   total 251904K, used 31543K [0x000000070a000000, 0x0000000800000000)
  region size 2048K, 1 young (2048K), 1 survivors (2048K)
 Metaspace       used 10200K, committed 10304K, reserved 1064960K
  class space    used 728K, committed 768K, reserved 1048576K
}
Event: 12.398 GC heap before
{Heap before GC invocations=3 (full 0):
 garbage-first heap   total 251904K, used 150327K [0x000000070a000000, 0x0000000800000000)
  region size 2048K, 45 young (92160K), 1 survivors (2048K)
 Metaspace       used 10354K, committed 10432K, reserved 1064960K
  class space    used 729K, committed 768K, reserved 1048576K
}
Event: 12.401 GC heap after
{Heap after GC invocations=4 (full 0):
 garbage-first heap   total 251904K, used 68700K [0x000000070a000000, 0x0000000800000000)
  region size 2048K, 5 young (10240K), 5 survivors (10240K)
 Metaspace       used 10354K, committed 10432K, reserved 1064960K
  class space    used 729K, committed 768K, reserved 1048576K
}
Event: 21.441 GC heap before
{Heap before GC invocations=4 (full 0):
 garbage-first heap   total 251904K, used 222300K [0x000000070a000000, 0x0000000800000000)
  region size 2048K, 58 young (118784K), 5 survivors (10240K)
 Metaspace       used 10484K, committed 10688K, reserved 1064960K
  class space    used 741K, committed 832K, reserved 1048576K
}
Event: 21.445 GC heap after
{Heap after GC invocations=5 (full 0):
 garbage-first heap   total 251904K, used 125816K [0x000000070a000000, 0x0000000800000000)
  region size 2048K, 8 young (16384K), 8 survivors (16384K)
 Metaspace       used 10484K, committed 10688K, reserved 1064960K
  class space    used 741K, committed 832K, reserved 1048576K
}
Event: 21.507 GC heap before
{Heap before GC invocations=5 (full 0):
 garbage-first heap   total 251904K, used 127864K [0x000000070a000000, 0x0000000800000000)
  region size 2048K, 9 young (18432K), 8 survivors (16384K)
 Metaspace       used 10484K, committed 10688K, reserved 1064960K
  class space    used 741K, committed 832K, reserved 1048576K
}
Event: 21.509 GC heap after
{Heap after GC invocations=6 (full 0):
 garbage-first heap   total 251904K, used 128527K [0x000000070a000000, 0x0000000800000000)
  region size 2048K, 1 young (2048K), 1 survivors (2048K)
 Metaspace       used 10484K, committed 10688K, reserved 1064960K
  class space    used 741K, committed 832K, reserved 1048576K
}

