# JRE version: OpenJDK Runtime Environment Temurin-17.0.1+12 (17.0.1+12) (build 17.0.1+12)
# Java VM: OpenJDK 64-Bit Server VM Temurin-17.0.1+12 (17.0.1+12, mixed mode, sharing, tiered, compressed oops, compressed class ptrs, g1 gc, windows-amd64)
GC Precious Log:
 CPUs: 16 total, 16 available
 Memory: 15741M
 Large Page Support: Disabled
 NUMA Support: Disabled
 Compressed Oops: Enabled (Zero based)
 Heap Region Size: 2M
 Heap Min Capacity: 8M
 Heap Initial Capacity: 246M
 Heap Max Capacity: 3936M
 Pre-touch: Disabled
 Parallel Workers: 13
 Concurrent Workers: 3
 Concurrent Refinement Workers: 13
 Periodic GC: Disabled
Heap:
 garbage-first heap   total 251904K, used 164867K [0x000000070a000000, 0x0000000800000000)
  region size 2048K, 26 young (53248K), 3 survivors (6144K)
 Metaspace       used 10548K, committed 10688K, reserved 1064960K
  class space    used 743K, committed 832K, reserved 1048576K
GC Heap History (12 events):
Event: 1.096 GC heap before
{Heap before GC invocations=0 (full 0):
 garbage-first heap   total 251904K, used 22528K [0x000000070a000000, 0x0000000800000000)
  region size 2048K, 11 young (22528K), 0 survivors (0K)
 Metaspace       used 7059K, committed 7232K, reserved 1064960K
  class space    used 428K, committed 512K, reserved 1048576K
}
Event: 1.098 GC heap after
{Heap after GC invocations=1 (full 0):
 garbage-first heap   total 251904K, used 2547K [0x000000070a000000, 0x0000000800000000)
  region size 2048K, 2 young (4096K), 2 survivors (4096K)
 Metaspace       used 7059K, committed 7232K, reserved 1064960K
  class space    used 428K, committed 512K, reserved 1048576K
}
Event: 4.868 GC heap before
{Heap before GC invocations=1 (full 0):
 garbage-first heap   total 251904K, used 47603K [0x000000070a000000, 0x0000000800000000)
  region size 2048K, 20 young (40960K), 2 survivors (4096K)
 Metaspace       used 9806K, committed 9920K, reserved 1064960K
  class space    used 678K, committed 704K, reserved 1048576K
}
Event: 4.877 GC heap after
{Heap after GC invocations=2 (full 0):
 garbage-first heap   total 251904K, used 22682K [0x000000070a000000, 0x0000000800000000)
  region size 2048K, 3 young (6144K), 3 survivors (6144K)
 Metaspace       used 9806K, committed 9920K, reserved 1064960K
  class space    used 678K, committed 704K, reserved 1048576K
}
Event: 5.459 GC heap before
{Heap before GC invocations=2 (full 0):
 garbage-first heap   total 251904K, used 32922K [0x000000070a000000, 0x0000000800000000)
  region size 2048K, 6 young (12288K), 3 survivors (6144K)
 Metaspace       used 10221K, committed 10368K, reserved 1064960K
  class space    used 728K, committed 768K, reserved 1048576K
}
Event: 5.464 GC heap after
{Heap after GC invocations=3 (full 0):
 garbage-first heap   total 251904K, used 31089K [0x000000070a000000, 0x0000000800000000)
  region size 2048K, 1 young (2048K), 1 survivors (2048K)
 Metaspace       used 10221K, committed 10368K, reserved 1064960K
  class space    used 728K, committed 768K, reserved 1048576K
}
Event: 19.056 GC heap before
{Heap before GC invocations=3 (full 0):
 garbage-first heap   total 251904K, used 188785K [0x000000070a000000, 0x0000000800000000)
  region size 2048K, 72 young (147456K), 1 survivors (2048K)
 Metaspace       used 10374K, committed 10496K, reserved 1064960K
  class space    used 729K, committed 768K, reserved 1048576K
}
Event: 19.059 GC heap after
{Heap after GC invocations=4 (full 0):
 garbage-first heap   total 251904K, used 47888K [0x000000070a000000, 0x0000000800000000)
  region size 2048K, 3 young (6144K), 3 survivors (6144K)
 Metaspace       used 10374K, committed 10496K, reserved 1064960K
  class space    used 729K, committed 768K, reserved 1048576K
}
Event: 30.419 GC heap before
{Heap before GC invocations=4 (full 0):
 garbage-first heap   total 251904K, used 224016K [0x000000070a000000, 0x0000000800000000)
  region size 2048K, 72 young (147456K), 3 survivors (6144K)
 Metaspace       used 10509K, committed 10688K, reserved 1064960K
  class space    used 741K, committed 832K, reserved 1048576K
}
Event: 30.423 GC heap after
{Heap after GC invocations=5 (full 0):
 garbage-first heap   total 251904K, used 96375K [0x000000070a000000, 0x0000000800000000)
  region size 2048K, 8 young (16384K), 8 survivors (16384K)
 Metaspace       used 10509K, committed 10688K, reserved 1064960K
  class space    used 741K, committed 832K, reserved 1048576K
}
Event: 40.316 GC heap before
{Heap before GC invocations=5 (full 0):
 garbage-first heap   total 251904K, used 211063K [0x000000070a000000, 0x0000000800000000)
  region size 2048K, 56 young (114688K), 8 survivors (16384K)
 Metaspace       used 10535K, committed 10688K, reserved 1064960K
  class space    used 741K, committed 832K, reserved 1048576K
}
Event: 40.321 GC heap after
{Heap after GC invocations=6 (full 0):
 garbage-first heap   total 251904K, used 119811K [0x000000070a000000, 0x0000000800000000)
  region size 2048K, 3 young (6144K), 3 survivors (6144K)
 Metaspace       used 10535K, committed 10688K, reserved 1064960K
  class space    used 741K, committed 832K, reserved 1048576K
}

