# JRE version: OpenJDK Runtime Environment Temurin-17.0.1+12 (17.0.1+12) (build 17.0.1+12)
# Java VM: OpenJDK 64-Bit Server VM Temurin-17.0.1+12 (17.0.1+12, mixed mode, sharing, tiered, compressed oops, compressed class ptrs, g1 gc, windows-amd64)
GC Precious Log:
 CPUs: 16 total, 16 available
 Memory: 15741M
 Large Page Support: Disabled
 NUMA Support: Disabled
 Compressed Oops: Enabled (Zero based)
 Heap Region Size: 2M
 Heap Min Capacity: 8M
 Heap Initial Capacity: 246M
 Heap Max Capacity: 3936M
 Pre-touch: Disabled
 Parallel Workers: 13
 Concurrent Workers: 3
 Concurrent Refinement Workers: 13
 Periodic GC: Disabled
Heap:
 garbage-first heap   total 157696K, used 90172K [0x000000070a000000, 0x0000000800000000)
  region size 2048K, 15 young (30720K), 2 survivors (4096K)
 Metaspace       used 10528K, committed 10688K, reserved 1064960K
  class space    used 742K, committed 832K, reserved 1048576K
GC Heap History (20 events):
Event: 46.271 GC heap before
{Heap before GC invocations=9 (full 0):
 garbage-first heap   total 157696K, used 80963K [0x000000070a000000, 0x0000000800000000)
  region size 2048K, 6 young (12288K), 5 survivors (10240K)
 Metaspace       used 10471K, committed 10688K, reserved 1064960K
  class space    used 741K, committed 832K, reserved 1048576K
}
Event: 46.273 GC heap after
{Heap after GC invocations=10 (full 0):
 garbage-first heap   total 157696K, used 80934K [0x000000070a000000, 0x0000000800000000)
  region size 2048K, 3 young (6144K), 3 survivors (6144K)
 Metaspace       used 10471K, committed 10688K, reserved 1064960K
  class space    used 741K, committed 832K, reserved 1048576K
}
Event: 50.488 GC heap before
{Heap before GC invocations=11 (full 0):
 garbage-first heap   total 157696K, used 115750K [0x000000070a000000, 0x0000000800000000)
  region size 2048K, 26 young (53248K), 3 survivors (6144K)
 Metaspace       used 10485K, committed 10688K, reserved 1064960K
  class space    used 741K, committed 832K, reserved 1048576K
}
Event: 50.491 GC heap after
{Heap after GC invocations=12 (full 0):
 garbage-first heap   total 157696K, used 72079K [0x000000070a000000, 0x0000000800000000)
  region size 2048K, 4 young (8192K), 4 survivors (8192K)
 Metaspace       used 10485K, committed 10688K, reserved 1064960K
  class space    used 741K, committed 832K, reserved 1048576K
}
Event: 52.772 GC heap before
{Heap before GC invocations=12 (full 0):
 garbage-first heap   total 157696K, used 100751K [0x000000070a000000, 0x0000000800000000)
  region size 2048K, 17 young (34816K), 4 survivors (8192K)
 Metaspace       used 10485K, committed 10688K, reserved 1064960K
  class space    used 741K, committed 832K, reserved 1048576K
}
Event: 52.774 GC heap after
{Heap after GC invocations=13 (full 0):
 garbage-first heap   total 157696K, used 75758K [0x000000070a000000, 0x0000000800000000)
  region size 2048K, 2 young (4096K), 2 survivors (4096K)
 Metaspace       used 10485K, committed 10688K, reserved 1064960K
  class space    used 741K, committed 832K, reserved 1048576K
}
Event: 57.518 GC heap before
{Heap before GC invocations=14 (full 0):
 garbage-first heap   total 157696K, used 116718K [0x000000070a000000, 0x0000000800000000)
  region size 2048K, 28 young (57344K), 2 survivors (4096K)
 Metaspace       used 10487K, committed 10688K, reserved 1064960K
  class space    used 741K, committed 832K, reserved 1048576K
}
Event: 57.521 GC heap after
{Heap after GC invocations=15 (full 0):
 garbage-first heap   total 157696K, used 66224K [0x000000070a000000, 0x0000000800000000)
  region size 2048K, 3 young (6144K), 3 survivors (6144K)
 Metaspace       used 10487K, committed 10688K, reserved 1064960K
  class space    used 741K, committed 832K, reserved 1048576K
}
Event: 58.723 GC heap before
{Heap before GC invocations=15 (full 0):
 garbage-first heap   total 157696K, used 86704K [0x000000070a000000, 0x0000000800000000)
  region size 2048K, 10 young (20480K), 3 survivors (6144K)
 Metaspace       used 10487K, committed 10688K, reserved 1064960K
  class space    used 741K, committed 832K, reserved 1048576K
}
Event: 58.725 GC heap after
{Heap after GC invocations=16 (full 0):
 garbage-first heap   total 157696K, used 75289K [0x000000070a000000, 0x0000000800000000)
  region size 2048K, 2 young (4096K), 2 survivors (4096K)
 Metaspace       used 10487K, committed 10688K, reserved 1064960K
  class space    used 741K, committed 832K, reserved 1048576K
}
Event: 62.360 GC heap before
{Heap before GC invocations=17 (full 0):
 garbage-first heap   total 157696K, used 112153K [0x000000070a000000, 0x0000000800000000)
  region size 2048K, 23 young (47104K), 2 survivors (4096K)
 Metaspace       used 10505K, committed 10688K, reserved 1064960K
  class space    used 741K, committed 832K, reserved 1048576K
}
Event: 62.362 GC heap after
{Heap after GC invocations=18 (full 0):
 garbage-first heap   total 157696K, used 74125K [0x000000070a000000, 0x0000000800000000)
  region size 2048K, 4 young (8192K), 4 survivors (8192K)
 Metaspace       used 10505K, committed 10688K, reserved 1064960K
  class space    used 741K, committed 832K, reserved 1048576K
}
Event: 62.362 GC heap before
{Heap before GC invocations=18 (full 0):
 garbage-first heap   total 157696K, used 76173K [0x000000070a000000, 0x0000000800000000)
  region size 2048K, 5 young (10240K), 4 survivors (8192K)
 Metaspace       used 10505K, committed 10688K, reserved 1064960K
  class space    used 741K, committed 832K, reserved 1048576K
}
Event: 62.365 GC heap after
{Heap after GC invocations=19 (full 0):
 garbage-first heap   total 157696K, used 75665K [0x000000070a000000, 0x0000000800000000)
  region size 2048K, 2 young (4096K), 2 survivors (4096K)
 Metaspace       used 10505K, committed 10688K, reserved 1064960K
  class space    used 741K, committed 832K, reserved 1048576K
}
Event: 66.579 GC heap before
{Heap before GC invocations=20 (full 0):
 garbage-first heap   total 157696K, used 116625K [0x000000070a000000, 0x0000000800000000)
  region size 2048K, 26 young (53248K), 2 survivors (4096K)
 Metaspace       used 10515K, committed 10688K, reserved 1064960K
  class space    used 741K, committed 832K, reserved 1048576K
}
Event: 66.581 GC heap after
{Heap after GC invocations=21 (full 0):
 garbage-first heap   total 157696K, used 72649K [0x000000070a000000, 0x0000000800000000)
  region size 2048K, 4 young (8192K), 4 survivors (8192K)
 Metaspace       used 10515K, committed 10688K, reserved 1064960K
  class space    used 741K, committed 832K, reserved 1048576K
}
Event: 71.221 GC heap before
{Heap before GC invocations=21 (full 0):
 garbage-first heap   total 157696K, used 121801K [0x000000070a000000, 0x0000000800000000)
  region size 2048K, 29 young (59392K), 4 survivors (8192K)
 Metaspace       used 10522K, committed 10688K, reserved 1064960K
  class space    used 741K, committed 832K, reserved 1048576K
}
Event: 71.223 GC heap after
{Heap after GC invocations=22 (full 0):
 garbage-first heap   total 157696K, used 73914K [0x000000070a000000, 0x0000000800000000)
  region size 2048K, 3 young (6144K), 3 survivors (6144K)
 Metaspace       used 10522K, committed 10688K, reserved 1064960K
  class space    used 741K, committed 832K, reserved 1048576K
}
Event: 72.597 GC heap before
{Heap before GC invocations=22 (full 0):
 garbage-first heap   total 157696K, used 86202K [0x000000070a000000, 0x0000000800000000)
  region size 2048K, 11 young (22528K), 3 survivors (6144K)
 Metaspace       used 10522K, committed 10688K, reserved 1064960K
  class space    used 741K, committed 832K, reserved 1048576K
}
Event: 72.599 GC heap after
{Heap after GC invocations=23 (full 0):
 garbage-first heap   total 157696K, used 73788K [0x000000070a000000, 0x0000000800000000)
  region size 2048K, 2 young (4096K), 2 survivors (4096K)
 Metaspace       used 10522K, committed 10688K, reserved 1064960K
  class space    used 741K, committed 832K, reserved 1048576K
}

